[{"line":1,"elements":[{"start_timestamp":"2024-11-25T15:37:10.778Z","before":[{"result":{"error_message":"org.openqa.selenium.SessionNotCreatedException: Could not start a new session. Response code 500. Message: session not created: Chrome failed to start: exited normally.\n  (session not created: DevToolsActivePort file doesn't exist)\n  (The process started from chrome location /usr/bin/google-chrome is no longer running, so ChromeDriver is assuming that Chrome has crashed.) \nHost info: host: 'fv-az1251-79', ip: '10.1.0.207'\nBuild info: version: '4.17.0', revision: 'e52b1be057*'\nSystem info: os.name: 'Linux', os.arch: 'amd64', os.version: '6.5.0-1025-azure', java.version: '17.0.13'\nDriver info: org.openqa.selenium.chrome.ChromeDriver\nCommand: [null, newSession {capabilities=[Capabilities {browserName: chrome, goog:chromeOptions: {args: [--no-sandbox, --disable-dev-shm-usage, --remote-allow-origins=*], binary: /usr/bin/google-chrome, extensions: []}}]}]\n\tat org.openqa.selenium.remote.ProtocolHandshake.createSession(ProtocolHandshake.java:139)\n\tat org.openqa.selenium.remote.ProtocolHandshake.createSession(ProtocolHandshake.java:95)\n\tat org.openqa.selenium.remote.ProtocolHandshake.createSession(ProtocolHandshake.java:67)\n\tat org.openqa.selenium.remote.HttpCommandExecutor.execute(HttpCommandExecutor.java:162)\n\tat org.openqa.selenium.remote.service.DriverCommandExecutor.invokeExecute(DriverCommandExecutor.java:216)\n\tat org.openqa.selenium.remote.service.DriverCommandExecutor.execute(DriverCommandExecutor.java:174)\n\tat org.openqa.selenium.remote.RemoteWebDriver.execute(RemoteWebDriver.java:519)\n\tat org.openqa.selenium.remote.RemoteWebDriver.startSession(RemoteWebDriver.java:233)\n\tat org.openqa.selenium.remote.RemoteWebDriver.<init>(RemoteWebDriver.java:162)\n\tat org.openqa.selenium.chromium.ChromiumDriver.<init>(ChromiumDriver.java:114)\n\tat org.openqa.selenium.chrome.ChromeDriver.<init>(ChromeDriver.java:89)\n\tat org.openqa.selenium.chrome.ChromeDriver.<init>(ChromeDriver.java:84)\n\tat org.openqa.selenium.chrome.ChromeDriver.<init>(ChromeDriver.java:73)\n\tat helper.Utility.startDriver(Utility.java:27)\n\tat stepDef.Hooks.beforeTest(Hooks.java:14)\n","duration":4926826905,"status":"failed"},"match":{"location":"stepDef.Hooks.beforeTest()"}}],"line":13,"name":"Add items to the cart and verify the cart","description":"","id":"cart-functionality-on-sauce-demo-website;add-items-to-the-cart-and-verify-the-cart;;2","after":[{"result":{"error_message":"java.lang.NullPointerException: Cannot invoke \"org.openqa.selenium.WebDriver.quit()\" because \"helper.Utility.driver\" is null\n\tat helper.Utility.quitDriver(Utility.java:34)\n\tat stepDef.Hooks.afterTest(Hooks.java:21)\n","duration":2000826134,"status":"failed"},"match":{"location":"stepDef.Hooks.afterTest()"}}],"type":"scenario","keyword":"Scenario Outline","steps":[{"result":{"duration":123180,"status":"skipped"},"line":4,"name":"User successfully logged in to the SauceDemo application","match":{"location":"stepDef.LoginStep.userSuccessfullyLoggedInToTheSauceDemoApplication()"},"keyword":"Given "},{"result":{"duration":121147,"status":"skipped"},"line":5,"name":"User adds the \"Sauce Labs Backpack\" to the cart","match":{"arguments":[{"val":"\"Sauce Labs Backpack\"","offset":14}],"location":"stepDef.CartStep.userAddsTheToTheCart(java.lang.String)"},"keyword":"When "},{"result":{"duration":73718,"status":"skipped"},"line":6,"name":"User adds the \"Sauce Labs Bike Light\" to the cart","match":{"arguments":[{"val":"\"Sauce Labs Bike Light\"","offset":14}],"location":"stepDef.CartStep.userAddsTheToTheCart(java.lang.String)"},"keyword":"And "},{"result":{"duration":74279,"status":"skipped"},"line":7,"name":"User navigates to the cart","match":{"location":"stepDef.CartStep.userNavigatesToTheCart()"},"keyword":"And "},{"result":{"duration":77324,"status":"skipped"},"line":8,"name":"User should see \"Sauce Labs Backpack\" in the cart","match":{"arguments":[{"val":"\"Sauce Labs Backpack\"","offset":16}],"location":"stepDef.CartStep.userShouldSeeInTheCart(java.lang.String)"},"keyword":"Then "},{"result":{"duration":76393,"status":"skipped"},"line":9,"name":"User should see \"Sauce Labs Bike Light\" in the cart","match":{"arguments":[{"val":"\"Sauce Labs Bike Light\"","offset":16}],"location":"stepDef.CartStep.userShouldSeeInTheCart(java.lang.String)"},"keyword":"And "},{"result":{"duration":95588,"status":"skipped"},"line":10,"name":"the cart badge should show \"2\" items","match":{"arguments":[{"val":"\"2\"","offset":27}],"location":"stepDef.CartStep.theCartBadgeShouldShowItems(java.lang.String)"},"keyword":"And "}]},{"start_timestamp":"2024-11-25T15:37:17.738Z","before":[{"result":{"error_message":"org.openqa.selenium.SessionNotCreatedException: Could not start a new session. Response code 500. Message: session not created: Chrome failed to start: exited normally.\n  (session not created: DevToolsActivePort file doesn't exist)\n  (The process started from chrome location /usr/bin/google-chrome is no longer running, so ChromeDriver is assuming that Chrome has crashed.) \nHost info: host: 'fv-az1251-79', ip: '10.1.0.207'\nBuild info: version: '4.17.0', revision: 'e52b1be057*'\nSystem info: os.name: 'Linux', os.arch: 'amd64', os.version: '6.5.0-1025-azure', java.version: '17.0.13'\nDriver info: org.openqa.selenium.chrome.ChromeDriver\nCommand: [null, newSession {capabilities=[Capabilities {browserName: chrome, goog:chromeOptions: {args: [--no-sandbox, --disable-dev-shm-usage, --remote-allow-origins=*], binary: /usr/bin/google-chrome, extensions: []}}]}]\n\tat org.openqa.selenium.remote.ProtocolHandshake.createSession(ProtocolHandshake.java:139)\n\tat org.openqa.selenium.remote.ProtocolHandshake.createSession(ProtocolHandshake.java:95)\n\tat org.openqa.selenium.remote.ProtocolHandshake.createSession(ProtocolHandshake.java:67)\n\tat org.openqa.selenium.remote.HttpCommandExecutor.execute(HttpCommandExecutor.java:162)\n\tat org.openqa.selenium.remote.service.DriverCommandExecutor.invokeExecute(DriverCommandExecutor.java:216)\n\tat org.openqa.selenium.remote.service.DriverCommandExecutor.execute(DriverCommandExecutor.java:174)\n\tat org.openqa.selenium.remote.RemoteWebDriver.execute(RemoteWebDriver.java:519)\n\tat org.openqa.selenium.remote.RemoteWebDriver.startSession(RemoteWebDriver.java:233)\n\tat org.openqa.selenium.remote.RemoteWebDriver.<init>(RemoteWebDriver.java:162)\n\tat org.openqa.selenium.chromium.ChromiumDriver.<init>(ChromiumDriver.java:114)\n\tat org.openqa.selenium.chrome.ChromeDriver.<init>(ChromeDriver.java:89)\n\tat org.openqa.selenium.chrome.ChromeDriver.<init>(ChromeDriver.java:84)\n\tat org.openqa.selenium.chrome.ChromeDriver.<init>(ChromeDriver.java:73)\n\tat helper.Utility.startDriver(Utility.java:27)\n\tat stepDef.Hooks.beforeTest(Hooks.java:14)\n","duration":216338176,"status":"failed"},"match":{"location":"stepDef.Hooks.beforeTest()"}}],"line":14,"name":"Add items to the cart and verify the cart","description":"","id":"cart-functionality-on-sauce-demo-website;add-items-to-the-cart-and-verify-the-cart;;3","after":[{"result":{"error_message":"java.lang.NullPointerException: Cannot invoke \"org.openqa.selenium.WebDriver.quit()\" because \"helper.Utility.driver\" is null\n\tat helper.Utility.quitDriver(Utility.java:34)\n\tat stepDef.Hooks.afterTest(Hooks.java:21)\n","duration":2000765322,"status":"failed"},"match":{"location":"stepDef.Hooks.afterTest()"}}],"type":"scenario","keyword":"Scenario Outline","steps":[{"result":{"duration":98404,"status":"skipped"},"line":4,"name":"User successfully logged in to the SauceDemo application","match":{"location":"stepDef.LoginStep.userSuccessfullyLoggedInToTheSauceDemoApplication()"},"keyword":"Given "},{"result":{"duration":72866,"status":"skipped"},"line":5,"name":"User adds the \"Sauce Labs Bolt T-Shirt\" to the cart","match":{"arguments":[{"val":"\"Sauce Labs Bolt T-Shirt\"","offset":14}],"location":"stepDef.CartStep.userAddsTheToTheCart(java.lang.String)"},"keyword":"When "},{"result":{"duration":76022,"status":"skipped"},"line":6,"name":"User adds the \"Sauce Labs Fleece Jacket\" to the cart","match":{"arguments":[{"val":"\"Sauce Labs Fleece Jacket\"","offset":14}],"location":"stepDef.CartStep.userAddsTheToTheCart(java.lang.String)"},"keyword":"And "},{"result":{"duration":74229,"status":"skipped"},"line":7,"name":"User navigates to the cart","match":{"location":"stepDef.CartStep.userNavigatesToTheCart()"},"keyword":"And "},{"result":{"duration":75611,"status":"skipped"},"line":8,"name":"User should see \"Sauce Labs Bolt T-Shirt\" in the cart","match":{"arguments":[{"val":"\"Sauce Labs Bolt T-Shirt\"","offset":16}],"location":"stepDef.CartStep.userShouldSeeInTheCart(java.lang.String)"},"keyword":"Then "},{"result":{"duration":625319,"status":"skipped"},"line":9,"name":"User should see \"Sauce Labs Fleece Jacket\" in the cart","match":{"arguments":[{"val":"\"Sauce Labs Fleece Jacket\"","offset":16}],"location":"stepDef.CartStep.userShouldSeeInTheCart(java.lang.String)"},"keyword":"And "},{"result":{"duration":101801,"status":"skipped"},"line":10,"name":"the cart badge should show \"2\" items","match":{"arguments":[{"val":"\"2\"","offset":27}],"location":"stepDef.CartStep.theCartBadgeShouldShowItems(java.lang.String)"},"keyword":"And "}]},{"start_timestamp":"2024-11-25T15:37:19.970Z","before":[{"result":{"error_message":"org.openqa.selenium.SessionNotCreatedException: Could not start a new session. Response code 500. Message: session not created: Chrome failed to start: exited normally.\n  (session not created: DevToolsActivePort file doesn't exist)\n  (The process started from chrome location /usr/bin/google-chrome is no longer running, so ChromeDriver is assuming that Chrome has crashed.) \nHost info: host: 'fv-az1251-79', ip: '10.1.0.207'\nBuild info: version: '4.17.0', revision: 'e52b1be057*'\nSystem info: os.name: 'Linux', os.arch: 'amd64', os.version: '6.5.0-1025-azure', java.version: '17.0.13'\nDriver info: org.openqa.selenium.chrome.ChromeDriver\nCommand: [null, newSession {capabilities=[Capabilities {browserName: chrome, goog:chromeOptions: {args: [--no-sandbox, --disable-dev-shm-usage, --remote-allow-origins=*], binary: /usr/bin/google-chrome, extensions: []}}]}]\n\tat org.openqa.selenium.remote.ProtocolHandshake.createSession(ProtocolHandshake.java:139)\n\tat org.openqa.selenium.remote.ProtocolHandshake.createSession(ProtocolHandshake.java:95)\n\tat org.openqa.selenium.remote.ProtocolHandshake.createSession(ProtocolHandshake.java:67)\n\tat org.openqa.selenium.remote.HttpCommandExecutor.execute(HttpCommandExecutor.java:162)\n\tat org.openqa.selenium.remote.service.DriverCommandExecutor.invokeExecute(DriverCommandExecutor.java:216)\n\tat org.openqa.selenium.remote.service.DriverCommandExecutor.execute(DriverCommandExecutor.java:174)\n\tat org.openqa.selenium.remote.RemoteWebDriver.execute(RemoteWebDriver.java:519)\n\tat org.openqa.selenium.remote.RemoteWebDriver.startSession(RemoteWebDriver.java:233)\n\tat org.openqa.selenium.remote.RemoteWebDriver.<init>(RemoteWebDriver.java:162)\n\tat org.openqa.selenium.chromium.ChromiumDriver.<init>(ChromiumDriver.java:114)\n\tat org.openqa.selenium.chrome.ChromeDriver.<init>(ChromeDriver.java:89)\n\tat org.openqa.selenium.chrome.ChromeDriver.<init>(ChromeDriver.java:84)\n\tat org.openqa.selenium.chrome.ChromeDriver.<init>(ChromeDriver.java:73)\n\tat helper.Utility.startDriver(Utility.java:27)\n\tat stepDef.Hooks.beforeTest(Hooks.java:14)\n","duration":214082141,"status":"failed"},"match":{"location":"stepDef.Hooks.beforeTest()"}}],"line":15,"name":"Add items to the cart and verify the cart","description":"","id":"cart-functionality-on-sauce-demo-website;add-items-to-the-cart-and-verify-the-cart;;4","after":[{"result":{"error_message":"java.lang.NullPointerException: Cannot invoke \"org.openqa.selenium.WebDriver.quit()\" because \"helper.Utility.driver\" is null\n\tat helper.Utility.quitDriver(Utility.java:34)\n\tat stepDef.Hooks.afterTest(Hooks.java:21)\n","duration":2000649382,"status":"failed"},"match":{"location":"stepDef.Hooks.afterTest()"}}],"type":"scenario","keyword":"Scenario Outline","steps":[{"result":{"duration":89157,"status":"skipped"},"line":4,"name":"User successfully logged in to the SauceDemo application","match":{"location":"stepDef.LoginStep.userSuccessfullyLoggedInToTheSauceDemoApplication()"},"keyword":"Given "},{"result":{"duration":85840,"status":"skipped"},"line":5,"name":"User adds the \"Sauce Labs Onesie\" to the cart","match":{"arguments":[{"val":"\"Sauce Labs Onesie\"","offset":14}],"location":"stepDef.CartStep.userAddsTheToTheCart(java.lang.String)"},"keyword":"When "},{"result":{"duration":74700,"status":"skipped"},"line":6,"name":"User adds the \"Test.allTheThings() T-Shirt (Red)\" to the cart","match":{"arguments":[{"val":"\"Test.allTheThings() T-Shirt (Red)\"","offset":14}],"location":"stepDef.CartStep.userAddsTheToTheCart(java.lang.String)"},"keyword":"And "},{"result":{"duration":71894,"status":"skipped"},"line":7,"name":"User navigates to the cart","match":{"location":"stepDef.CartStep.userNavigatesToTheCart()"},"keyword":"And "},{"result":{"duration":75271,"status":"skipped"},"line":8,"name":"User should see \"Sauce Labs Onesie\" in the cart","match":{"arguments":[{"val":"\"Sauce Labs Onesie\"","offset":16}],"location":"stepDef.CartStep.userShouldSeeInTheCart(java.lang.String)"},"keyword":"Then "},{"result":{"duration":69119,"status":"skipped"},"line":9,"name":"User should see \"Test.allTheThings() T-Shirt (Red)\" in the cart","match":{"arguments":[{"val":"\"Test.allTheThings() T-Shirt (Red)\"","offset":16}],"location":"stepDef.CartStep.userShouldSeeInTheCart(java.lang.String)"},"keyword":"And "},{"result":{"duration":60904,"status":"skipped"},"line":10,"name":"the cart badge should show \"2\" items","match":{"arguments":[{"val":"\"2\"","offset":27}],"location":"stepDef.CartStep.theCartBadgeShouldShowItems(java.lang.String)"},"keyword":"And "}]},{"start_timestamp":"2024-11-25T15:37:22.196Z","before":[{"result":{"error_message":"org.openqa.selenium.SessionNotCreatedException: Could not start a new session. Response code 500. Message: session not created: Chrome failed to start: exited normally.\n  (session not created: DevToolsActivePort file doesn't exist)\n  (The process started from chrome location /usr/bin/google-chrome is no longer running, so ChromeDriver is assuming that Chrome has crashed.) \nHost info: host: 'fv-az1251-79', ip: '10.1.0.207'\nBuild info: version: '4.17.0', revision: 'e52b1be057*'\nSystem info: os.name: 'Linux', os.arch: 'amd64', os.version: '6.5.0-1025-azure', java.version: '17.0.13'\nDriver info: org.openqa.selenium.chrome.ChromeDriver\nCommand: [null, newSession {capabilities=[Capabilities {browserName: chrome, goog:chromeOptions: {args: [--no-sandbox, --disable-dev-shm-usage, --remote-allow-origins=*], binary: /usr/bin/google-chrome, extensions: []}}]}]\n\tat org.openqa.selenium.remote.ProtocolHandshake.createSession(ProtocolHandshake.java:139)\n\tat org.openqa.selenium.remote.ProtocolHandshake.createSession(ProtocolHandshake.java:95)\n\tat org.openqa.selenium.remote.ProtocolHandshake.createSession(ProtocolHandshake.java:67)\n\tat org.openqa.selenium.remote.HttpCommandExecutor.execute(HttpCommandExecutor.java:162)\n\tat org.openqa.selenium.remote.service.DriverCommandExecutor.invokeExecute(DriverCommandExecutor.java:216)\n\tat org.openqa.selenium.remote.service.DriverCommandExecutor.execute(DriverCommandExecutor.java:174)\n\tat org.openqa.selenium.remote.RemoteWebDriver.execute(RemoteWebDriver.java:519)\n\tat org.openqa.selenium.remote.RemoteWebDriver.startSession(RemoteWebDriver.java:233)\n\tat org.openqa.selenium.remote.RemoteWebDriver.<init>(RemoteWebDriver.java:162)\n\tat org.openqa.selenium.chromium.ChromiumDriver.<init>(ChromiumDriver.java:114)\n\tat org.openqa.selenium.chrome.ChromeDriver.<init>(ChromeDriver.java:89)\n\tat org.openqa.selenium.chrome.ChromeDriver.<init>(ChromeDriver.java:84)\n\tat org.openqa.selenium.chrome.ChromeDriver.<init>(ChromeDriver.java:73)\n\tat helper.Utility.startDriver(Utility.java:27)\n\tat stepDef.Hooks.beforeTest(Hooks.java:14)\n","duration":213046630,"status":"failed"},"match":{"location":"stepDef.Hooks.beforeTest()"}}],"line":24,"name":"Remove an item from the cart","description":"","id":"cart-functionality-on-sauce-demo-website;remove-an-item-from-the-cart;;2","after":[{"result":{"error_message":"java.lang.NullPointerException: Cannot invoke \"org.openqa.selenium.WebDriver.quit()\" because \"helper.Utility.driver\" is null\n\tat helper.Utility.quitDriver(Utility.java:34)\n\tat stepDef.Hooks.afterTest(Hooks.java:21)\n","duration":2000697569,"status":"failed"},"match":{"location":"stepDef.Hooks.afterTest()"}}],"type":"scenario","keyword":"Scenario Outline","steps":[{"result":{"duration":84518,"status":"skipped"},"line":18,"name":"User has \"Sauce Labs Backpack\" and \"Sauce Labs Bike Light\" in the cart","match":{"arguments":[{"val":"\"Sauce Labs Backpack\"","offset":9},{"val":"\"Sauce Labs Bike Light\"","offset":35}],"location":"stepDef.CartStep.userHasAndInTheCart(java.lang.String,java.lang.String)"},"keyword":"Given "},{"result":{"duration":77946,"status":"skipped"},"line":19,"name":"User removes \"Sauce Labs Bike Light\" from the cart","match":{"arguments":[{"val":"\"Sauce Labs Bike Light\"","offset":13}],"location":"stepDef.CartStep.userRemovesFromTheCart(java.lang.String)"},"keyword":"When "},{"result":{"duration":64190,"status":"skipped"},"line":20,"name":"User should see only \"Sauce Labs Backpack\" in the cart","match":{"arguments":[{"val":"\"Sauce Labs Backpack\"","offset":21}],"location":"stepDef.CartStep.userShouldSeeOnlyInTheCart(java.lang.String)"},"keyword":"Then "},{"result":{"duration":55964,"status":"skipped"},"line":21,"name":"the cart badge should show \"1\" items","match":{"arguments":[{"val":"\"1\"","offset":27}],"location":"stepDef.CartStep.theCartBadgeShouldShowItems(java.lang.String)"},"keyword":"And "}]},{"start_timestamp":"2024-11-25T15:37:24.419Z","before":[{"result":{"error_message":"org.openqa.selenium.SessionNotCreatedException: Could not start a new session. Response code 500. Message: session not created: Chrome failed to start: exited normally.\n  (session not created: DevToolsActivePort file doesn't exist)\n  (The process started from chrome location /usr/bin/google-chrome is no longer running, so ChromeDriver is assuming that Chrome has crashed.) \nHost info: host: 'fv-az1251-79', ip: '10.1.0.207'\nBuild info: version: '4.17.0', revision: 'e52b1be057*'\nSystem info: os.name: 'Linux', os.arch: 'amd64', os.version: '6.5.0-1025-azure', java.version: '17.0.13'\nDriver info: org.openqa.selenium.chrome.ChromeDriver\nCommand: [null, newSession {capabilities=[Capabilities {browserName: chrome, goog:chromeOptions: {args: [--no-sandbox, --disable-dev-shm-usage, --remote-allow-origins=*], binary: /usr/bin/google-chrome, extensions: []}}]}]\n\tat org.openqa.selenium.remote.ProtocolHandshake.createSession(ProtocolHandshake.java:139)\n\tat org.openqa.selenium.remote.ProtocolHandshake.createSession(ProtocolHandshake.java:95)\n\tat org.openqa.selenium.remote.ProtocolHandshake.createSession(ProtocolHandshake.java:67)\n\tat org.openqa.selenium.remote.HttpCommandExecutor.execute(HttpCommandExecutor.java:162)\n\tat org.openqa.selenium.remote.service.DriverCommandExecutor.invokeExecute(DriverCommandExecutor.java:216)\n\tat org.openqa.selenium.remote.service.DriverCommandExecutor.execute(DriverCommandExecutor.java:174)\n\tat org.openqa.selenium.remote.RemoteWebDriver.execute(RemoteWebDriver.java:519)\n\tat org.openqa.selenium.remote.RemoteWebDriver.startSession(RemoteWebDriver.java:233)\n\tat org.openqa.selenium.remote.RemoteWebDriver.<init>(RemoteWebDriver.java:162)\n\tat org.openqa.selenium.chromium.ChromiumDriver.<init>(ChromiumDriver.java:114)\n\tat org.openqa.selenium.chrome.ChromeDriver.<init>(ChromeDriver.java:89)\n\tat org.openqa.selenium.chrome.ChromeDriver.<init>(ChromeDriver.java:84)\n\tat org.openqa.selenium.chrome.ChromeDriver.<init>(ChromeDriver.java:73)\n\tat helper.Utility.startDriver(Utility.java:27)\n\tat stepDef.Hooks.beforeTest(Hooks.java:14)\n","duration":217448591,"status":"failed"},"match":{"location":"stepDef.Hooks.beforeTest()"}}],"line":25,"name":"Remove an item from the cart","description":"","id":"cart-functionality-on-sauce-demo-website;remove-an-item-from-the-cart;;3","after":[{"result":{"error_message":"java.lang.NullPointerException: Cannot invoke \"org.openqa.selenium.WebDriver.quit()\" because \"helper.Utility.driver\" is null\n\tat helper.Utility.quitDriver(Utility.java:34)\n\tat stepDef.Hooks.afterTest(Hooks.java:21)\n","duration":2000549753,"status":"failed"},"match":{"location":"stepDef.Hooks.afterTest()"}}],"type":"scenario","keyword":"Scenario Outline","steps":[{"result":{"duration":94247,"status":"skipped"},"line":18,"name":"User has \"Sauce Labs Fleece Jacket\" and \"Sauce Labs Onesie\" in the cart","match":{"arguments":[{"val":"\"Sauce Labs Fleece Jacket\"","offset":9},{"val":"\"Sauce Labs Onesie\"","offset":40}],"location":"stepDef.CartStep.userHasAndInTheCart(java.lang.String,java.lang.String)"},"keyword":"Given "},{"result":{"duration":63820,"status":"skipped"},"line":19,"name":"User removes \"Sauce Labs Onesie\" from the cart","match":{"arguments":[{"val":"\"Sauce Labs Onesie\"","offset":13}],"location":"stepDef.CartStep.userRemovesFromTheCart(java.lang.String)"},"keyword":"When "},{"result":{"duration":63189,"status":"skipped"},"line":20,"name":"User should see only \"Sauce Labs Fleece Jacket\" in the cart","match":{"arguments":[{"val":"\"Sauce Labs Fleece Jacket\"","offset":21}],"location":"stepDef.CartStep.userShouldSeeOnlyInTheCart(java.lang.String)"},"keyword":"Then "},{"result":{"duration":67506,"status":"skipped"},"line":21,"name":"the cart badge should show \"1\" items","match":{"arguments":[{"val":"\"1\"","offset":27}],"location":"stepDef.CartStep.theCartBadgeShouldShowItems(java.lang.String)"},"keyword":"And "}]},{"start_timestamp":"2024-11-25T15:37:26.644Z","before":[{"result":{"error_message":"org.openqa.selenium.SessionNotCreatedException: Could not start a new session. Response code 500. Message: session not created: Chrome failed to start: exited normally.\n  (session not created: DevToolsActivePort file doesn't exist)\n  (The process started from chrome location /usr/bin/google-chrome is no longer running, so ChromeDriver is assuming that Chrome has crashed.) \nHost info: host: 'fv-az1251-79', ip: '10.1.0.207'\nBuild info: version: '4.17.0', revision: 'e52b1be057*'\nSystem info: os.name: 'Linux', os.arch: 'amd64', os.version: '6.5.0-1025-azure', java.version: '17.0.13'\nDriver info: org.openqa.selenium.chrome.ChromeDriver\nCommand: [null, newSession {capabilities=[Capabilities {browserName: chrome, goog:chromeOptions: {args: [--no-sandbox, --disable-dev-shm-usage, --remote-allow-origins=*], binary: /usr/bin/google-chrome, extensions: []}}]}]\n\tat org.openqa.selenium.remote.ProtocolHandshake.createSession(ProtocolHandshake.java:139)\n\tat org.openqa.selenium.remote.ProtocolHandshake.createSession(ProtocolHandshake.java:95)\n\tat org.openqa.selenium.remote.ProtocolHandshake.createSession(ProtocolHandshake.java:67)\n\tat org.openqa.selenium.remote.HttpCommandExecutor.execute(HttpCommandExecutor.java:162)\n\tat org.openqa.selenium.remote.service.DriverCommandExecutor.invokeExecute(DriverCommandExecutor.java:216)\n\tat org.openqa.selenium.remote.service.DriverCommandExecutor.execute(DriverCommandExecutor.java:174)\n\tat org.openqa.selenium.remote.RemoteWebDriver.execute(RemoteWebDriver.java:519)\n\tat org.openqa.selenium.remote.RemoteWebDriver.startSession(RemoteWebDriver.java:233)\n\tat org.openqa.selenium.remote.RemoteWebDriver.<init>(RemoteWebDriver.java:162)\n\tat org.openqa.selenium.chromium.ChromiumDriver.<init>(ChromiumDriver.java:114)\n\tat org.openqa.selenium.chrome.ChromeDriver.<init>(ChromeDriver.java:89)\n\tat org.openqa.selenium.chrome.ChromeDriver.<init>(ChromeDriver.java:84)\n\tat org.openqa.selenium.chrome.ChromeDriver.<init>(ChromeDriver.java:73)\n\tat helper.Utility.startDriver(Utility.java:27)\n\tat stepDef.Hooks.beforeTest(Hooks.java:14)\n","duration":212777427,"status":"failed"},"match":{"location":"stepDef.Hooks.beforeTest()"}}],"line":26,"name":"Remove an item from the cart","description":"","id":"cart-functionality-on-sauce-demo-website;remove-an-item-from-the-cart;;4","after":[{"result":{"error_message":"java.lang.NullPointerException: Cannot invoke \"org.openqa.selenium.WebDriver.quit()\" because \"helper.Utility.driver\" is null\n\tat helper.Utility.quitDriver(Utility.java:34)\n\tat stepDef.Hooks.afterTest(Hooks.java:21)\n","duration":2000567302,"status":"failed"},"match":{"location":"stepDef.Hooks.afterTest()"}}],"type":"scenario","keyword":"Scenario Outline","steps":[{"result":{"duration":66063,"status":"skipped"},"line":18,"name":"User has \"Sauce Labs Onesie\" and \"Test.allTheThings() T-Shirt (Red)\" in the cart","match":{"arguments":[{"val":"\"Sauce Labs Onesie\"","offset":9},{"val":"\"Test.allTheThings() T-Shirt (Red)\"","offset":33}],"location":"stepDef.CartStep.userHasAndInTheCart(java.lang.String,java.lang.String)"},"keyword":"Given "},{"result":{"duration":41859,"status":"skipped"},"line":19,"name":"User removes \"Test.allTheThings() T-Shirt (Red)\" from the cart","match":{"arguments":[{"val":"\"Test.allTheThings() T-Shirt (Red)\"","offset":13}],"location":"stepDef.CartStep.userRemovesFromTheCart(java.lang.String)"},"keyword":"When "},{"result":{"duration":56475,"status":"skipped"},"line":20,"name":"User should see only \"Sauce Labs Onesie\" in the cart","match":{"arguments":[{"val":"\"Sauce Labs Onesie\"","offset":21}],"location":"stepDef.CartStep.userShouldSeeOnlyInTheCart(java.lang.String)"},"keyword":"Then "},{"result":{"duration":58269,"status":"skipped"},"line":21,"name":"the cart badge should show \"1\" items","match":{"arguments":[{"val":"\"1\"","offset":27}],"location":"stepDef.CartStep.theCartBadgeShouldShowItems(java.lang.String)"},"keyword":"And "}]}],"name":"Cart functionality on Sauce Demo website","description":"","id":"cart-functionality-on-sauce-demo-website","keyword":"Feature","uri":"file:src/test/java/features/cart.feature","tags":[]},{"line":1,"elements":[{"start_timestamp":"2024-11-25T15:37:28.863Z","before":[{"result":{"error_message":"org.openqa.selenium.SessionNotCreatedException: Could not start a new session. Response code 500. Message: session not created: Chrome failed to start: exited normally.\n  (session not created: DevToolsActivePort file doesn't exist)\n  (The process started from chrome location /usr/bin/google-chrome is no longer running, so ChromeDriver is assuming that Chrome has crashed.) \nHost info: host: 'fv-az1251-79', ip: '10.1.0.207'\nBuild info: version: '4.17.0', revision: 'e52b1be057*'\nSystem info: os.name: 'Linux', os.arch: 'amd64', os.version: '6.5.0-1025-azure', java.version: '17.0.13'\nDriver info: org.openqa.selenium.chrome.ChromeDriver\nCommand: [null, newSession {capabilities=[Capabilities {browserName: chrome, goog:chromeOptions: {args: [--no-sandbox, --disable-dev-shm-usage, --remote-allow-origins=*], binary: /usr/bin/google-chrome, extensions: []}}]}]\n\tat org.openqa.selenium.remote.ProtocolHandshake.createSession(ProtocolHandshake.java:139)\n\tat org.openqa.selenium.remote.ProtocolHandshake.createSession(ProtocolHandshake.java:95)\n\tat org.openqa.selenium.remote.ProtocolHandshake.createSession(ProtocolHandshake.java:67)\n\tat org.openqa.selenium.remote.HttpCommandExecutor.execute(HttpCommandExecutor.java:162)\n\tat org.openqa.selenium.remote.service.DriverCommandExecutor.invokeExecute(DriverCommandExecutor.java:216)\n\tat org.openqa.selenium.remote.service.DriverCommandExecutor.execute(DriverCommandExecutor.java:174)\n\tat org.openqa.selenium.remote.RemoteWebDriver.execute(RemoteWebDriver.java:519)\n\tat org.openqa.selenium.remote.RemoteWebDriver.startSession(RemoteWebDriver.java:233)\n\tat org.openqa.selenium.remote.RemoteWebDriver.<init>(RemoteWebDriver.java:162)\n\tat org.openqa.selenium.chromium.ChromiumDriver.<init>(ChromiumDriver.java:114)\n\tat org.openqa.selenium.chrome.ChromeDriver.<init>(ChromeDriver.java:89)\n\tat org.openqa.selenium.chrome.ChromeDriver.<init>(ChromeDriver.java:84)\n\tat org.openqa.selenium.chrome.ChromeDriver.<init>(ChromeDriver.java:73)\n\tat helper.Utility.startDriver(Utility.java:27)\n\tat stepDef.Hooks.beforeTest(Hooks.java:14)\n","duration":219002698,"status":"failed"},"match":{"location":"stepDef.Hooks.beforeTest()"}}],"line":3,"name":"Successful checkout","description":"","id":"checkout-process-on-sauce-demo-website;successful-checkout","after":[{"result":{"error_message":"java.lang.NullPointerException: Cannot invoke \"org.openqa.selenium.WebDriver.quit()\" because \"helper.Utility.driver\" is null\n\tat helper.Utility.quitDriver(Utility.java:34)\n\tat stepDef.Hooks.afterTest(Hooks.java:21)\n","duration":2000624442,"status":"failed"},"match":{"location":"stepDef.Hooks.afterTest()"}}],"type":"scenario","keyword":"Scenario","steps":[{"result":{"duration":92152,"status":"skipped"},"line":4,"name":"User successfully logged in to the SauceDemo application","match":{"location":"stepDef.LoginStep.userSuccessfullyLoggedInToTheSauceDemoApplication()"},"keyword":"Given "},{"result":{"duration":55965,"status":"skipped"},"line":5,"name":"User adds the \"Sauce Labs Backpack\" to the cart","match":{"arguments":[{"val":"\"Sauce Labs Backpack\"","offset":14}],"location":"stepDef.CartStep.userAddsTheToTheCart(java.lang.String)"},"keyword":"When "},{"result":{"duration":54742,"status":"skipped"},"line":6,"name":"User adds the \"Sauce Labs Onesie\" to the cart","match":{"arguments":[{"val":"\"Sauce Labs Onesie\"","offset":14}],"location":"stepDef.CartStep.userAddsTheToTheCart(java.lang.String)"},"keyword":"And "},{"result":{"duration":81482,"status":"skipped"},"line":7,"name":"User navigates to the cart","match":{"location":"stepDef.CartStep.userNavigatesToTheCart()"},"keyword":"And "},{"result":{"duration":60342,"status":"skipped"},"line":8,"name":"User clicks on the Checkout button","match":{"location":"stepDef.CheckoutStep.userClicksOnTheCheckoutButton()"},"keyword":"And "},{"result":{"duration":54301,"status":"skipped"},"line":9,"name":"User fills out the checkout information with first name \"John\", last name \"Doe\", and postal code \"12345\"","match":{"arguments":[{"val":"\"John\"","offset":56},{"val":"\"Doe\"","offset":74},{"val":"\"12345\"","offset":97}],"location":"stepDef.CheckoutStep.userFillsOutTheCheckoutInformationWithFirstNameLastNameAndPostalCode(java.lang.String,java.lang.String,java.lang.String)"},"keyword":"And "},{"result":{"duration":73247,"status":"skipped"},"line":10,"name":"User continues to the next step","match":{"location":"stepDef.CheckoutStep.userContinuesToTheNextStep()"},"keyword":"And "},{"result":{"duration":74790,"status":"skipped"},"line":11,"name":"User should see a summary of their order","match":{"location":"stepDef.CheckoutStep.userShouldSeeASummaryOfTheirOrder()"},"keyword":"Then "},{"result":{"duration":57598,"status":"skipped"},"line":12,"name":"User should see the total price including tax","match":{"location":"stepDef.CheckoutStep.userShouldSeeTheTotalPriceIncludingTax()"},"keyword":"And "},{"result":{"duration":76833,"status":"skipped"},"line":13,"name":"User finishes the checkout","match":{"location":"stepDef.CheckoutStep.userFinishesTheCheckout()"},"keyword":"When "},{"result":{"duration":39754,"status":"skipped"},"line":14,"name":"User should see the order confirmation page with the message \"Thank you for your order!\"","match":{"arguments":[{"val":"\"Thank you for your order!\"","offset":61}],"location":"stepDef.CheckoutStep.userShouldSeeTheOrderConfirmationPageWithTheMessage(java.lang.String)"},"keyword":"Then "}]},{"start_timestamp":"2024-11-25T15:37:31.092Z","before":[{"result":{"error_message":"org.openqa.selenium.SessionNotCreatedException: Could not start a new session. Response code 500. Message: session not created: Chrome failed to start: exited normally.\n  (session not created: DevToolsActivePort file doesn't exist)\n  (The process started from chrome location /usr/bin/google-chrome is no longer running, so ChromeDriver is assuming that Chrome has crashed.) \nHost info: host: 'fv-az1251-79', ip: '10.1.0.207'\nBuild info: version: '4.17.0', revision: 'e52b1be057*'\nSystem info: os.name: 'Linux', os.arch: 'amd64', os.version: '6.5.0-1025-azure', java.version: '17.0.13'\nDriver info: org.openqa.selenium.chrome.ChromeDriver\nCommand: [null, newSession {capabilities=[Capabilities {browserName: chrome, goog:chromeOptions: {args: [--no-sandbox, --disable-dev-shm-usage, --remote-allow-origins=*], binary: /usr/bin/google-chrome, extensions: []}}]}]\n\tat org.openqa.selenium.remote.ProtocolHandshake.createSession(ProtocolHandshake.java:139)\n\tat org.openqa.selenium.remote.ProtocolHandshake.createSession(ProtocolHandshake.java:95)\n\tat org.openqa.selenium.remote.ProtocolHandshake.createSession(ProtocolHandshake.java:67)\n\tat org.openqa.selenium.remote.HttpCommandExecutor.execute(HttpCommandExecutor.java:162)\n\tat org.openqa.selenium.remote.service.DriverCommandExecutor.invokeExecute(DriverCommandExecutor.java:216)\n\tat org.openqa.selenium.remote.service.DriverCommandExecutor.execute(DriverCommandExecutor.java:174)\n\tat org.openqa.selenium.remote.RemoteWebDriver.execute(RemoteWebDriver.java:519)\n\tat org.openqa.selenium.remote.RemoteWebDriver.startSession(RemoteWebDriver.java:233)\n\tat org.openqa.selenium.remote.RemoteWebDriver.<init>(RemoteWebDriver.java:162)\n\tat org.openqa.selenium.chromium.ChromiumDriver.<init>(ChromiumDriver.java:114)\n\tat org.openqa.selenium.chrome.ChromeDriver.<init>(ChromeDriver.java:89)\n\tat org.openqa.selenium.chrome.ChromeDriver.<init>(ChromeDriver.java:84)\n\tat org.openqa.selenium.chrome.ChromeDriver.<init>(ChromeDriver.java:73)\n\tat helper.Utility.startDriver(Utility.java:27)\n\tat stepDef.Hooks.beforeTest(Hooks.java:14)\n","duration":216239193,"status":"failed"},"match":{"location":"stepDef.Hooks.beforeTest()"}}],"line":26,"name":"Checkout with missing first name","description":"","id":"checkout-process-on-sauce-demo-website;checkout-with-missing-first-name;;2","after":[{"result":{"error_message":"java.lang.NullPointerException: Cannot invoke \"org.openqa.selenium.WebDriver.quit()\" because \"helper.Utility.driver\" is null\n\tat helper.Utility.quitDriver(Utility.java:34)\n\tat stepDef.Hooks.afterTest(Hooks.java:21)\n","duration":2000559405,"status":"failed"},"match":{"location":"stepDef.Hooks.afterTest()"}}],"type":"scenario","keyword":"Scenario Outline","steps":[{"result":{"duration":83436,"status":"skipped"},"line":17,"name":"User successfully logged in to the SauceDemo application","match":{"location":"stepDef.LoginStep.userSuccessfullyLoggedInToTheSauceDemoApplication()"},"keyword":"Given "},{"result":{"duration":58589,"status":"skipped"},"line":18,"name":"User adds the \"Sauce Labs Backpack\" to the cart","match":{"arguments":[{"val":"\"Sauce Labs Backpack\"","offset":14}],"location":"stepDef.CartStep.userAddsTheToTheCart(java.lang.String)"},"keyword":"When "},{"result":{"duration":73467,"status":"skipped"},"line":19,"name":"User navigates to the cart","match":{"location":"stepDef.CartStep.userNavigatesToTheCart()"},"keyword":"And "},{"result":{"duration":65492,"status":"skipped"},"line":20,"name":"User clicks on the Checkout button","match":{"location":"stepDef.CheckoutStep.userClicksOnTheCheckoutButton()"},"keyword":"And "},{"result":{"duration":54011,"status":"skipped"},"line":21,"name":"User fills out the checkout information with first name \"\", last name \"Doe\", and postal code \"12345\"","match":{"arguments":[{"val":"\"\"","offset":56},{"val":"\"Doe\"","offset":70},{"val":"\"12345\"","offset":93}],"location":"stepDef.CheckoutStep.userFillsOutTheCheckoutInformationWithFirstNameLastNameAndPostalCode(java.lang.String,java.lang.String,java.lang.String)"},"keyword":"And "},{"result":{"duration":52338,"status":"skipped"},"line":22,"name":"User tries to continue to the next step","match":{"location":"stepDef.CheckoutStep.userTriesToContinueToTheNextStep()"},"keyword":"And "},{"result":{"duration":54122,"status":"skipped"},"line":23,"name":"User should see an error message \"Error: First Name is required\"","match":{"arguments":[{"val":"\"Error: First Name is required\"","offset":33}],"location":"stepDef.LoginStep.userShouldSeeAnErrorMessage(java.lang.String)"},"keyword":"Then "}]},{"start_timestamp":"2024-11-25T15:37:33.317Z","before":[{"result":{"error_message":"org.openqa.selenium.SessionNotCreatedException: Could not start a new session. Response code 500. Message: session not created: Chrome failed to start: exited normally.\n  (session not created: DevToolsActivePort file doesn't exist)\n  (The process started from chrome location /usr/bin/google-chrome is no longer running, so ChromeDriver is assuming that Chrome has crashed.) \nHost info: host: 'fv-az1251-79', ip: '10.1.0.207'\nBuild info: version: '4.17.0', revision: 'e52b1be057*'\nSystem info: os.name: 'Linux', os.arch: 'amd64', os.version: '6.5.0-1025-azure', java.version: '17.0.13'\nDriver info: org.openqa.selenium.chrome.ChromeDriver\nCommand: [null, newSession {capabilities=[Capabilities {browserName: chrome, goog:chromeOptions: {args: [--no-sandbox, --disable-dev-shm-usage, --remote-allow-origins=*], binary: /usr/bin/google-chrome, extensions: []}}]}]\n\tat org.openqa.selenium.remote.ProtocolHandshake.createSession(ProtocolHandshake.java:139)\n\tat org.openqa.selenium.remote.ProtocolHandshake.createSession(ProtocolHandshake.java:95)\n\tat org.openqa.selenium.remote.ProtocolHandshake.createSession(ProtocolHandshake.java:67)\n\tat org.openqa.selenium.remote.HttpCommandExecutor.execute(HttpCommandExecutor.java:162)\n\tat org.openqa.selenium.remote.service.DriverCommandExecutor.invokeExecute(DriverCommandExecutor.java:216)\n\tat org.openqa.selenium.remote.service.DriverCommandExecutor.execute(DriverCommandExecutor.java:174)\n\tat org.openqa.selenium.remote.RemoteWebDriver.execute(RemoteWebDriver.java:519)\n\tat org.openqa.selenium.remote.RemoteWebDriver.startSession(RemoteWebDriver.java:233)\n\tat org.openqa.selenium.remote.RemoteWebDriver.<init>(RemoteWebDriver.java:162)\n\tat org.openqa.selenium.chromium.ChromiumDriver.<init>(ChromiumDriver.java:114)\n\tat org.openqa.selenium.chrome.ChromeDriver.<init>(ChromeDriver.java:89)\n\tat org.openqa.selenium.chrome.ChromeDriver.<init>(ChromeDriver.java:84)\n\tat org.openqa.selenium.chrome.ChromeDriver.<init>(ChromeDriver.java:73)\n\tat helper.Utility.startDriver(Utility.java:27)\n\tat stepDef.Hooks.beforeTest(Hooks.java:14)\n","duration":213139223,"status":"failed"},"match":{"location":"stepDef.Hooks.beforeTest()"}}],"line":27,"name":"Checkout with missing first name","description":"","id":"checkout-process-on-sauce-demo-website;checkout-with-missing-first-name;;3","after":[{"result":{"error_message":"java.lang.NullPointerException: Cannot invoke \"org.openqa.selenium.WebDriver.quit()\" because \"helper.Utility.driver\" is null\n\tat helper.Utility.quitDriver(Utility.java:34)\n\tat stepDef.Hooks.afterTest(Hooks.java:21)\n","duration":2000534357,"status":"failed"},"match":{"location":"stepDef.Hooks.afterTest()"}}],"type":"scenario","keyword":"Scenario Outline","steps":[{"result":{"duration":77485,"status":"skipped"},"line":17,"name":"User successfully logged in to the SauceDemo application","match":{"location":"stepDef.LoginStep.userSuccessfullyLoggedInToTheSauceDemoApplication()"},"keyword":"Given "},{"result":{"duration":94246,"status":"skipped"},"line":18,"name":"User adds the \"Sauce Labs Backpack\" to the cart","match":{"arguments":[{"val":"\"Sauce Labs Backpack\"","offset":14}],"location":"stepDef.CartStep.userAddsTheToTheCart(java.lang.String)"},"keyword":"When "},{"result":{"duration":47088,"status":"skipped"},"line":19,"name":"User navigates to the cart","match":{"location":"stepDef.CartStep.userNavigatesToTheCart()"},"keyword":"And "},{"result":{"duration":46877,"status":"skipped"},"line":20,"name":"User clicks on the Checkout button","match":{"location":"stepDef.CheckoutStep.userClicksOnTheCheckoutButton()"},"keyword":"And "},{"result":{"duration":45045,"status":"skipped"},"line":21,"name":"User fills out the checkout information with first name \"John\", last name \"\", and postal code \"\"","match":{"arguments":[{"val":"\"John\"","offset":56},{"val":"\"\"","offset":74},{"val":"\"\"","offset":94}],"location":"stepDef.CheckoutStep.userFillsOutTheCheckoutInformationWithFirstNameLastNameAndPostalCode(java.lang.String,java.lang.String,java.lang.String)"},"keyword":"And "},{"result":{"duration":58039,"status":"skipped"},"line":22,"name":"User tries to continue to the next step","match":{"location":"stepDef.CheckoutStep.userTriesToContinueToTheNextStep()"},"keyword":"And "},{"result":{"duration":35377,"status":"skipped"},"line":23,"name":"User should see an error message \"Error: Last Name is required\"","match":{"arguments":[{"val":"\"Error: Last Name is required\"","offset":33}],"location":"stepDef.LoginStep.userShouldSeeAnErrorMessage(java.lang.String)"},"keyword":"Then "}]},{"start_timestamp":"2024-11-25T15:37:35.537Z","before":[{"result":{"error_message":"org.openqa.selenium.SessionNotCreatedException: Could not start a new session. Response code 500. Message: session not created: Chrome failed to start: exited normally.\n  (session not created: DevToolsActivePort file doesn't exist)\n  (The process started from chrome location /usr/bin/google-chrome is no longer running, so ChromeDriver is assuming that Chrome has crashed.) \nHost info: host: 'fv-az1251-79', ip: '10.1.0.207'\nBuild info: version: '4.17.0', revision: 'e52b1be057*'\nSystem info: os.name: 'Linux', os.arch: 'amd64', os.version: '6.5.0-1025-azure', java.version: '17.0.13'\nDriver info: org.openqa.selenium.chrome.ChromeDriver\nCommand: [null, newSession {capabilities=[Capabilities {browserName: chrome, goog:chromeOptions: {args: [--no-sandbox, --disable-dev-shm-usage, --remote-allow-origins=*], binary: /usr/bin/google-chrome, extensions: []}}]}]\n\tat org.openqa.selenium.remote.ProtocolHandshake.createSession(ProtocolHandshake.java:139)\n\tat org.openqa.selenium.remote.ProtocolHandshake.createSession(ProtocolHandshake.java:95)\n\tat org.openqa.selenium.remote.ProtocolHandshake.createSession(ProtocolHandshake.java:67)\n\tat org.openqa.selenium.remote.HttpCommandExecutor.execute(HttpCommandExecutor.java:162)\n\tat org.openqa.selenium.remote.service.DriverCommandExecutor.invokeExecute(DriverCommandExecutor.java:216)\n\tat org.openqa.selenium.remote.service.DriverCommandExecutor.execute(DriverCommandExecutor.java:174)\n\tat org.openqa.selenium.remote.RemoteWebDriver.execute(RemoteWebDriver.java:519)\n\tat org.openqa.selenium.remote.RemoteWebDriver.startSession(RemoteWebDriver.java:233)\n\tat org.openqa.selenium.remote.RemoteWebDriver.<init>(RemoteWebDriver.java:162)\n\tat org.openqa.selenium.chromium.ChromiumDriver.<init>(ChromiumDriver.java:114)\n\tat org.openqa.selenium.chrome.ChromeDriver.<init>(ChromeDriver.java:89)\n\tat org.openqa.selenium.chrome.ChromeDriver.<init>(ChromeDriver.java:84)\n\tat org.openqa.selenium.chrome.ChromeDriver.<init>(ChromeDriver.java:73)\n\tat helper.Utility.startDriver(Utility.java:27)\n\tat stepDef.Hooks.beforeTest(Hooks.java:14)\n","duration":212220996,"status":"failed"},"match":{"location":"stepDef.Hooks.beforeTest()"}}],"line":28,"name":"Checkout with missing first name","description":"","id":"checkout-process-on-sauce-demo-website;checkout-with-missing-first-name;;4","after":[{"result":{"error_message":"java.lang.NullPointerException: Cannot invoke \"org.openqa.selenium.WebDriver.quit()\" because \"helper.Utility.driver\" is null\n\tat helper.Utility.quitDriver(Utility.java:34)\n\tat stepDef.Hooks.afterTest(Hooks.java:21)\n","duration":2000595824,"status":"failed"},"match":{"location":"stepDef.Hooks.afterTest()"}}],"type":"scenario","keyword":"Scenario Outline","steps":[{"result":{"duration":61745,"status":"skipped"},"line":17,"name":"User successfully logged in to the SauceDemo application","match":{"location":"stepDef.LoginStep.userSuccessfullyLoggedInToTheSauceDemoApplication()"},"keyword":"Given "},{"result":{"duration":35416,"status":"skipped"},"line":18,"name":"User adds the \"Sauce Labs Backpack\" to the cart","match":{"arguments":[{"val":"\"Sauce Labs Backpack\"","offset":14}],"location":"stepDef.CartStep.userAddsTheToTheCart(java.lang.String)"},"keyword":"When "},{"result":{"duration":51667,"status":"skipped"},"line":19,"name":"User navigates to the cart","match":{"location":"stepDef.CartStep.userNavigatesToTheCart()"},"keyword":"And "},{"result":{"duration":50975,"status":"skipped"},"line":20,"name":"User clicks on the Checkout button","match":{"location":"stepDef.CheckoutStep.userClicksOnTheCheckoutButton()"},"keyword":"And "},{"result":{"duration":51175,"status":"skipped"},"line":21,"name":"User fills out the checkout information with first name \"\", last name \"\", and postal code \"\"","match":{"arguments":[{"val":"\"\"","offset":56},{"val":"\"\"","offset":70},{"val":"\"\"","offset":90}],"location":"stepDef.CheckoutStep.userFillsOutTheCheckoutInformationWithFirstNameLastNameAndPostalCode(java.lang.String,java.lang.String,java.lang.String)"},"keyword":"And "},{"result":{"duration":53821,"status":"skipped"},"line":22,"name":"User tries to continue to the next step","match":{"location":"stepDef.CheckoutStep.userTriesToContinueToTheNextStep()"},"keyword":"And "},{"result":{"duration":47429,"status":"skipped"},"line":23,"name":"User should see an error message \"Error: First Name is required\"","match":{"arguments":[{"val":"\"Error: First Name is required\"","offset":33}],"location":"stepDef.LoginStep.userShouldSeeAnErrorMessage(java.lang.String)"},"keyword":"Then "}]},{"start_timestamp":"2024-11-25T15:37:37.756Z","before":[{"result":{"error_message":"org.openqa.selenium.SessionNotCreatedException: Could not start a new session. Response code 500. Message: session not created: Chrome failed to start: exited normally.\n  (session not created: DevToolsActivePort file doesn't exist)\n  (The process started from chrome location /usr/bin/google-chrome is no longer running, so ChromeDriver is assuming that Chrome has crashed.) \nHost info: host: 'fv-az1251-79', ip: '10.1.0.207'\nBuild info: version: '4.17.0', revision: 'e52b1be057*'\nSystem info: os.name: 'Linux', os.arch: 'amd64', os.version: '6.5.0-1025-azure', java.version: '17.0.13'\nDriver info: org.openqa.selenium.chrome.ChromeDriver\nCommand: [null, newSession {capabilities=[Capabilities {browserName: chrome, goog:chromeOptions: {args: [--no-sandbox, --disable-dev-shm-usage, --remote-allow-origins=*], binary: /usr/bin/google-chrome, extensions: []}}]}]\n\tat org.openqa.selenium.remote.ProtocolHandshake.createSession(ProtocolHandshake.java:139)\n\tat org.openqa.selenium.remote.ProtocolHandshake.createSession(ProtocolHandshake.java:95)\n\tat org.openqa.selenium.remote.ProtocolHandshake.createSession(ProtocolHandshake.java:67)\n\tat org.openqa.selenium.remote.HttpCommandExecutor.execute(HttpCommandExecutor.java:162)\n\tat org.openqa.selenium.remote.service.DriverCommandExecutor.invokeExecute(DriverCommandExecutor.java:216)\n\tat org.openqa.selenium.remote.service.DriverCommandExecutor.execute(DriverCommandExecutor.java:174)\n\tat org.openqa.selenium.remote.RemoteWebDriver.execute(RemoteWebDriver.java:519)\n\tat org.openqa.selenium.remote.RemoteWebDriver.startSession(RemoteWebDriver.java:233)\n\tat org.openqa.selenium.remote.RemoteWebDriver.<init>(RemoteWebDriver.java:162)\n\tat org.openqa.selenium.chromium.ChromiumDriver.<init>(ChromiumDriver.java:114)\n\tat org.openqa.selenium.chrome.ChromeDriver.<init>(ChromeDriver.java:89)\n\tat org.openqa.selenium.chrome.ChromeDriver.<init>(ChromeDriver.java:84)\n\tat org.openqa.selenium.chrome.ChromeDriver.<init>(ChromeDriver.java:73)\n\tat helper.Utility.startDriver(Utility.java:27)\n\tat stepDef.Hooks.beforeTest(Hooks.java:14)\n","duration":216563587,"status":"failed"},"match":{"location":"stepDef.Hooks.beforeTest()"}}],"line":29,"name":"Checkout with missing first name","description":"","id":"checkout-process-on-sauce-demo-website;checkout-with-missing-first-name;;5","after":[{"result":{"error_message":"java.lang.NullPointerException: Cannot invoke \"org.openqa.selenium.WebDriver.quit()\" because \"helper.Utility.driver\" is null\n\tat helper.Utility.quitDriver(Utility.java:34)\n\tat stepDef.Hooks.afterTest(Hooks.java:21)\n","duration":2000604824,"status":"failed"},"match":{"location":"stepDef.Hooks.afterTest()"}}],"type":"scenario","keyword":"Scenario Outline","steps":[{"result":{"duration":76422,"status":"skipped"},"line":17,"name":"User successfully logged in to the SauceDemo application","match":{"location":"stepDef.LoginStep.userSuccessfullyLoggedInToTheSauceDemoApplication()"},"keyword":"Given "},{"result":{"duration":52669,"status":"skipped"},"line":18,"name":"User adds the \"Sauce Labs Backpack\" to the cart","match":{"arguments":[{"val":"\"Sauce Labs Backpack\"","offset":14}],"location":"stepDef.CartStep.userAddsTheToTheCart(java.lang.String)"},"keyword":"When "},{"result":{"duration":51486,"status":"skipped"},"line":19,"name":"User navigates to the cart","match":{"location":"stepDef.CartStep.userNavigatesToTheCart()"},"keyword":"And "},{"result":{"duration":51436,"status":"skipped"},"line":20,"name":"User clicks on the Checkout button","match":{"location":"stepDef.CheckoutStep.userClicksOnTheCheckoutButton()"},"keyword":"And "},{"result":{"duration":50104,"status":"skipped"},"line":21,"name":"User fills out the checkout information with first name \"John\", last name \"Doe\", and postal code \"\"","match":{"arguments":[{"val":"\"John\"","offset":56},{"val":"\"Doe\"","offset":74},{"val":"\"\"","offset":97}],"location":"stepDef.CheckoutStep.userFillsOutTheCheckoutInformationWithFirstNameLastNameAndPostalCode(java.lang.String,java.lang.String,java.lang.String)"},"keyword":"And "},{"result":{"duration":47248,"status":"skipped"},"line":22,"name":"User tries to continue to the next step","match":{"location":"stepDef.CheckoutStep.userTriesToContinueToTheNextStep()"},"keyword":"And "},{"result":{"duration":48090,"status":"skipped"},"line":23,"name":"User should see an error message \"Error: Postal Code is required\"","match":{"arguments":[{"val":"\"Error: Postal Code is required\"","offset":33}],"location":"stepDef.LoginStep.userShouldSeeAnErrorMessage(java.lang.String)"},"keyword":"Then "}]}],"name":"Checkout process on Sauce Demo website","description":"","id":"checkout-process-on-sauce-demo-website","keyword":"Feature","uri":"file:src/test/java/features/checkout.feature","tags":[]},{"line":1,"elements":[{"start_timestamp":"2024-11-25T15:37:39.979Z","before":[{"result":{"error_message":"org.openqa.selenium.SessionNotCreatedException: Could not start a new session. Response code 500. Message: session not created: Chrome failed to start: exited normally.\n  (session not created: DevToolsActivePort file doesn't exist)\n  (The process started from chrome location /usr/bin/google-chrome is no longer running, so ChromeDriver is assuming that Chrome has crashed.) \nHost info: host: 'fv-az1251-79', ip: '10.1.0.207'\nBuild info: version: '4.17.0', revision: 'e52b1be057*'\nSystem info: os.name: 'Linux', os.arch: 'amd64', os.version: '6.5.0-1025-azure', java.version: '17.0.13'\nDriver info: org.openqa.selenium.chrome.ChromeDriver\nCommand: [null, newSession {capabilities=[Capabilities {browserName: chrome, goog:chromeOptions: {args: [--no-sandbox, --disable-dev-shm-usage, --remote-allow-origins=*], binary: /usr/bin/google-chrome, extensions: []}}]}]\n\tat org.openqa.selenium.remote.ProtocolHandshake.createSession(ProtocolHandshake.java:139)\n\tat org.openqa.selenium.remote.ProtocolHandshake.createSession(ProtocolHandshake.java:95)\n\tat org.openqa.selenium.remote.ProtocolHandshake.createSession(ProtocolHandshake.java:67)\n\tat org.openqa.selenium.remote.HttpCommandExecutor.execute(HttpCommandExecutor.java:162)\n\tat org.openqa.selenium.remote.service.DriverCommandExecutor.invokeExecute(DriverCommandExecutor.java:216)\n\tat org.openqa.selenium.remote.service.DriverCommandExecutor.execute(DriverCommandExecutor.java:174)\n\tat org.openqa.selenium.remote.RemoteWebDriver.execute(RemoteWebDriver.java:519)\n\tat org.openqa.selenium.remote.RemoteWebDriver.startSession(RemoteWebDriver.java:233)\n\tat org.openqa.selenium.remote.RemoteWebDriver.<init>(RemoteWebDriver.java:162)\n\tat org.openqa.selenium.chromium.ChromiumDriver.<init>(ChromiumDriver.java:114)\n\tat org.openqa.selenium.chrome.ChromeDriver.<init>(ChromeDriver.java:89)\n\tat org.openqa.selenium.chrome.ChromeDriver.<init>(ChromeDriver.java:84)\n\tat org.openqa.selenium.chrome.ChromeDriver.<init>(ChromeDriver.java:73)\n\tat helper.Utility.startDriver(Utility.java:27)\n\tat stepDef.Hooks.beforeTest(Hooks.java:14)\n","duration":215119689,"status":"failed"},"match":{"location":"stepDef.Hooks.beforeTest()"}}],"line":3,"name":"Successful login with valid credentials","description":"","id":"user-login;successful-login-with-valid-credentials","after":[{"result":{"error_message":"java.lang.NullPointerException: Cannot invoke \"org.openqa.selenium.WebDriver.quit()\" because \"helper.Utility.driver\" is null\n\tat helper.Utility.quitDriver(Utility.java:34)\n\tat stepDef.Hooks.afterTest(Hooks.java:21)\n","duration":2000559758,"status":"failed"},"match":{"location":"stepDef.Hooks.afterTest()"}}],"type":"scenario","keyword":"Scenario","steps":[{"result":{"duration":115557,"status":"skipped"},"line":4,"name":"User on the SauceDemo login page","match":{"location":"stepDef.LoginStep.userOnTheSauceDemoLoginPage()"},"keyword":"Given "},{"result":{"duration":51436,"status":"skipped"},"line":5,"name":"User input \"standard_user\" as username","match":{"arguments":[{"val":"\"standard_user\"","offset":11}],"location":"stepDef.LoginStep.userInputAsUsername(java.lang.String)"},"keyword":"And "},{"result":{"duration":44153,"status":"skipped"},"line":6,"name":"User input \"secret_sauce\" as password","match":{"arguments":[{"val":"\"secret_sauce\"","offset":11}],"location":"stepDef.LoginStep.userInputAsPassword(java.lang.String)"},"keyword":"And "},{"result":{"duration":45706,"status":"skipped"},"line":7,"name":"User click on the login button","match":{"location":"stepDef.LoginStep.userClickOnTheLoginButton()"},"keyword":"When "},{"result":{"duration":49984,"status":"skipped"},"line":8,"name":"User should be redirected to the products page","match":{"location":"stepDef.LoginStep.userShouldBeRedirectedToTheProductsPage()"},"keyword":"Then "}]},{"start_timestamp":"2024-11-25T15:37:42.202Z","before":[{"result":{"error_message":"org.openqa.selenium.SessionNotCreatedException: Could not start a new session. Response code 500. Message: session not created: Chrome failed to start: exited normally.\n  (session not created: DevToolsActivePort file doesn't exist)\n  (The process started from chrome location /usr/bin/google-chrome is no longer running, so ChromeDriver is assuming that Chrome has crashed.) \nHost info: host: 'fv-az1251-79', ip: '10.1.0.207'\nBuild info: version: '4.17.0', revision: 'e52b1be057*'\nSystem info: os.name: 'Linux', os.arch: 'amd64', os.version: '6.5.0-1025-azure', java.version: '17.0.13'\nDriver info: org.openqa.selenium.chrome.ChromeDriver\nCommand: [null, newSession {capabilities=[Capabilities {browserName: chrome, goog:chromeOptions: {args: [--no-sandbox, --disable-dev-shm-usage, --remote-allow-origins=*], binary: /usr/bin/google-chrome, extensions: []}}]}]\n\tat org.openqa.selenium.remote.ProtocolHandshake.createSession(ProtocolHandshake.java:139)\n\tat org.openqa.selenium.remote.ProtocolHandshake.createSession(ProtocolHandshake.java:95)\n\tat org.openqa.selenium.remote.ProtocolHandshake.createSession(ProtocolHandshake.java:67)\n\tat org.openqa.selenium.remote.HttpCommandExecutor.execute(HttpCommandExecutor.java:162)\n\tat org.openqa.selenium.remote.service.DriverCommandExecutor.invokeExecute(DriverCommandExecutor.java:216)\n\tat org.openqa.selenium.remote.service.DriverCommandExecutor.execute(DriverCommandExecutor.java:174)\n\tat org.openqa.selenium.remote.RemoteWebDriver.execute(RemoteWebDriver.java:519)\n\tat org.openqa.selenium.remote.RemoteWebDriver.startSession(RemoteWebDriver.java:233)\n\tat org.openqa.selenium.remote.RemoteWebDriver.<init>(RemoteWebDriver.java:162)\n\tat org.openqa.selenium.chromium.ChromiumDriver.<init>(ChromiumDriver.java:114)\n\tat org.openqa.selenium.chrome.ChromeDriver.<init>(ChromeDriver.java:89)\n\tat org.openqa.selenium.chrome.ChromeDriver.<init>(ChromeDriver.java:84)\n\tat org.openqa.selenium.chrome.ChromeDriver.<init>(ChromeDriver.java:73)\n\tat helper.Utility.startDriver(Utility.java:27)\n\tat stepDef.Hooks.beforeTest(Hooks.java:14)\n","duration":214358533,"status":"failed"},"match":{"location":"stepDef.Hooks.beforeTest()"}}],"line":20,"name":"Unsuccessful login with locked user,invalid username and password","description":"","id":"user-login;unsuccessful-login-with-locked-user-invalid-username-and-password;;2","after":[{"result":{"error_message":"java.lang.NullPointerException: Cannot invoke \"org.openqa.selenium.WebDriver.quit()\" because \"helper.Utility.driver\" is null\n\tat helper.Utility.quitDriver(Utility.java:34)\n\tat stepDef.Hooks.afterTest(Hooks.java:21)\n","duration":2000587198,"status":"failed"},"match":{"location":"stepDef.Hooks.afterTest()"}}],"type":"scenario","keyword":"Scenario Outline","steps":[{"result":{"duration":67977,"status":"skipped"},"line":12,"name":"User on the SauceDemo login page","match":{"location":"stepDef.LoginStep.userOnTheSauceDemoLoginPage()"},"keyword":"Given "},{"result":{"duration":44754,"status":"skipped"},"line":13,"name":"User input \"locked_out_user\" as username","match":{"arguments":[{"val":"\"locked_out_user\"","offset":11}],"location":"stepDef.LoginStep.userInputAsUsername(java.lang.String)"},"keyword":"And "},{"result":{"duration":43651,"status":"skipped"},"line":14,"name":"User input \"secret_sauce\" as password","match":{"arguments":[{"val":"\"secret_sauce\"","offset":11}],"location":"stepDef.LoginStep.userInputAsPassword(java.lang.String)"},"keyword":"And "},{"result":{"duration":43401,"status":"skipped"},"line":15,"name":"User click on the login button","match":{"location":"stepDef.LoginStep.userClickOnTheLoginButton()"},"keyword":"When "},{"result":{"duration":44613,"status":"skipped"},"line":16,"name":"User should see an error message \"Epic sadface: Sorry, this user has been locked out.\"","match":{"arguments":[{"val":"\"Epic sadface: Sorry, this user has been locked out.\"","offset":33}],"location":"stepDef.LoginStep.userShouldSeeAnErrorMessage(java.lang.String)"},"keyword":"Then "}]},{"start_timestamp":"2024-11-25T15:37:44.424Z","before":[{"result":{"error_message":"org.openqa.selenium.SessionNotCreatedException: Could not start a new session. Response code 500. Message: session not created: Chrome failed to start: exited normally.\n  (session not created: DevToolsActivePort file doesn't exist)\n  (The process started from chrome location /usr/bin/google-chrome is no longer running, so ChromeDriver is assuming that Chrome has crashed.) \nHost info: host: 'fv-az1251-79', ip: '10.1.0.207'\nBuild info: version: '4.17.0', revision: 'e52b1be057*'\nSystem info: os.name: 'Linux', os.arch: 'amd64', os.version: '6.5.0-1025-azure', java.version: '17.0.13'\nDriver info: org.openqa.selenium.chrome.ChromeDriver\nCommand: [null, newSession {capabilities=[Capabilities {browserName: chrome, goog:chromeOptions: {args: [--no-sandbox, --disable-dev-shm-usage, --remote-allow-origins=*], binary: /usr/bin/google-chrome, extensions: []}}]}]\n\tat org.openqa.selenium.remote.ProtocolHandshake.createSession(ProtocolHandshake.java:139)\n\tat org.openqa.selenium.remote.ProtocolHandshake.createSession(ProtocolHandshake.java:95)\n\tat org.openqa.selenium.remote.ProtocolHandshake.createSession(ProtocolHandshake.java:67)\n\tat org.openqa.selenium.remote.HttpCommandExecutor.execute(HttpCommandExecutor.java:162)\n\tat org.openqa.selenium.remote.service.DriverCommandExecutor.invokeExecute(DriverCommandExecutor.java:216)\n\tat org.openqa.selenium.remote.service.DriverCommandExecutor.execute(DriverCommandExecutor.java:174)\n\tat org.openqa.selenium.remote.RemoteWebDriver.execute(RemoteWebDriver.java:519)\n\tat org.openqa.selenium.remote.RemoteWebDriver.startSession(RemoteWebDriver.java:233)\n\tat org.openqa.selenium.remote.RemoteWebDriver.<init>(RemoteWebDriver.java:162)\n\tat org.openqa.selenium.chromium.ChromiumDriver.<init>(ChromiumDriver.java:114)\n\tat org.openqa.selenium.chrome.ChromeDriver.<init>(ChromeDriver.java:89)\n\tat org.openqa.selenium.chrome.ChromeDriver.<init>(ChromeDriver.java:84)\n\tat org.openqa.selenium.chrome.ChromeDriver.<init>(ChromeDriver.java:73)\n\tat helper.Utility.startDriver(Utility.java:27)\n\tat stepDef.Hooks.beforeTest(Hooks.java:14)\n","duration":211551542,"status":"failed"},"match":{"location":"stepDef.Hooks.beforeTest()"}}],"line":21,"name":"Unsuccessful login with locked user,invalid username and password","description":"","id":"user-login;unsuccessful-login-with-locked-user-invalid-username-and-password;;3","after":[{"result":{"error_message":"java.lang.NullPointerException: Cannot invoke \"org.openqa.selenium.WebDriver.quit()\" because \"helper.Utility.driver\" is null\n\tat helper.Utility.quitDriver(Utility.java:34)\n\tat stepDef.Hooks.afterTest(Hooks.java:21)\n","duration":2000547340,"status":"failed"},"match":{"location":"stepDef.Hooks.afterTest()"}}],"type":"scenario","keyword":"Scenario Outline","steps":[{"result":{"duration":64070,"status":"skipped"},"line":12,"name":"User on the SauceDemo login page","match":{"location":"stepDef.LoginStep.userOnTheSauceDemoLoginPage()"},"keyword":"Given "},{"result":{"duration":45896,"status":"skipped"},"line":13,"name":"User input \"standard_user\" as username","match":{"arguments":[{"val":"\"standard_user\"","offset":11}],"location":"stepDef.LoginStep.userInputAsUsername(java.lang.String)"},"keyword":"And "},{"result":{"duration":45084,"status":"skipped"},"line":14,"name":"User input \"password\" as password","match":{"arguments":[{"val":"\"password\"","offset":11}],"location":"stepDef.LoginStep.userInputAsPassword(java.lang.String)"},"keyword":"And "},{"result":{"duration":48590,"status":"skipped"},"line":15,"name":"User click on the login button","match":{"location":"stepDef.LoginStep.userClickOnTheLoginButton()"},"keyword":"When "},{"result":{"duration":39304,"status":"skipped"},"line":16,"name":"User should see an error message \"Epic sadface: Username and password do not match any user in this service\"","match":{"arguments":[{"val":"\"Epic sadface: Username and password do not match any user in this service\"","offset":33}],"location":"stepDef.LoginStep.userShouldSeeAnErrorMessage(java.lang.String)"},"keyword":"Then "}]},{"start_timestamp":"2024-11-25T15:37:46.641Z","before":[{"result":{"error_message":"org.openqa.selenium.SessionNotCreatedException: Could not start a new session. Response code 500. Message: session not created: Chrome failed to start: exited normally.\n  (session not created: DevToolsActivePort file doesn't exist)\n  (The process started from chrome location /usr/bin/google-chrome is no longer running, so ChromeDriver is assuming that Chrome has crashed.) \nHost info: host: 'fv-az1251-79', ip: '10.1.0.207'\nBuild info: version: '4.17.0', revision: 'e52b1be057*'\nSystem info: os.name: 'Linux', os.arch: 'amd64', os.version: '6.5.0-1025-azure', java.version: '17.0.13'\nDriver info: org.openqa.selenium.chrome.ChromeDriver\nCommand: [null, newSession {capabilities=[Capabilities {browserName: chrome, goog:chromeOptions: {args: [--no-sandbox, --disable-dev-shm-usage, --remote-allow-origins=*], binary: /usr/bin/google-chrome, extensions: []}}]}]\n\tat org.openqa.selenium.remote.ProtocolHandshake.createSession(ProtocolHandshake.java:139)\n\tat org.openqa.selenium.remote.ProtocolHandshake.createSession(ProtocolHandshake.java:95)\n\tat org.openqa.selenium.remote.ProtocolHandshake.createSession(ProtocolHandshake.java:67)\n\tat org.openqa.selenium.remote.HttpCommandExecutor.execute(HttpCommandExecutor.java:162)\n\tat org.openqa.selenium.remote.service.DriverCommandExecutor.invokeExecute(DriverCommandExecutor.java:216)\n\tat org.openqa.selenium.remote.service.DriverCommandExecutor.execute(DriverCommandExecutor.java:174)\n\tat org.openqa.selenium.remote.RemoteWebDriver.execute(RemoteWebDriver.java:519)\n\tat org.openqa.selenium.remote.RemoteWebDriver.startSession(RemoteWebDriver.java:233)\n\tat org.openqa.selenium.remote.RemoteWebDriver.<init>(RemoteWebDriver.java:162)\n\tat org.openqa.selenium.chromium.ChromiumDriver.<init>(ChromiumDriver.java:114)\n\tat org.openqa.selenium.chrome.ChromeDriver.<init>(ChromeDriver.java:89)\n\tat org.openqa.selenium.chrome.ChromeDriver.<init>(ChromeDriver.java:84)\n\tat org.openqa.selenium.chrome.ChromeDriver.<init>(ChromeDriver.java:73)\n\tat helper.Utility.startDriver(Utility.java:27)\n\tat stepDef.Hooks.beforeTest(Hooks.java:14)\n","duration":237327027,"status":"failed"},"match":{"location":"stepDef.Hooks.beforeTest()"}}],"line":22,"name":"Unsuccessful login with locked user,invalid username and password","description":"","id":"user-login;unsuccessful-login-with-locked-user-invalid-username-and-password;;4","after":[{"result":{"error_message":"java.lang.NullPointerException: Cannot invoke \"org.openqa.selenium.WebDriver.quit()\" because \"helper.Utility.driver\" is null\n\tat helper.Utility.quitDriver(Utility.java:34)\n\tat stepDef.Hooks.afterTest(Hooks.java:21)\n","duration":2000563703,"status":"failed"},"match":{"location":"stepDef.Hooks.afterTest()"}}],"type":"scenario","keyword":"Scenario Outline","steps":[{"result":{"duration":50966,"status":"skipped"},"line":12,"name":"User on the SauceDemo login page","match":{"location":"stepDef.LoginStep.userOnTheSauceDemoLoginPage()"},"keyword":"Given "},{"result":{"duration":48882,"status":"skipped"},"line":13,"name":"User input \"\" as username","match":{"arguments":[{"val":"\"\"","offset":11}],"location":"stepDef.LoginStep.userInputAsUsername(java.lang.String)"},"keyword":"And "},{"result":{"duration":52208,"status":"skipped"},"line":14,"name":"User input \"secret_sauce\" as password","match":{"arguments":[{"val":"\"secret_sauce\"","offset":11}],"location":"stepDef.LoginStep.userInputAsPassword(java.lang.String)"},"keyword":"And "},{"result":{"duration":55514,"status":"skipped"},"line":15,"name":"User click on the login button","match":{"location":"stepDef.LoginStep.userClickOnTheLoginButton()"},"keyword":"When "},{"result":{"duration":49263,"status":"skipped"},"line":16,"name":"User should see an error message \"Epic sadface: Username and password do not match any user in this service\"","match":{"arguments":[{"val":"\"Epic sadface: Username and password do not match any user in this service\"","offset":33}],"location":"stepDef.LoginStep.userShouldSeeAnErrorMessage(java.lang.String)"},"keyword":"Then "}]},{"start_timestamp":"2024-11-25T15:37:48.885Z","before":[{"result":{"error_message":"org.openqa.selenium.SessionNotCreatedException: Could not start a new session. Response code 500. Message: session not created: Chrome failed to start: exited normally.\n  (session not created: DevToolsActivePort file doesn't exist)\n  (The process started from chrome location /usr/bin/google-chrome is no longer running, so ChromeDriver is assuming that Chrome has crashed.) \nHost info: host: 'fv-az1251-79', ip: '10.1.0.207'\nBuild info: version: '4.17.0', revision: 'e52b1be057*'\nSystem info: os.name: 'Linux', os.arch: 'amd64', os.version: '6.5.0-1025-azure', java.version: '17.0.13'\nDriver info: org.openqa.selenium.chrome.ChromeDriver\nCommand: [null, newSession {capabilities=[Capabilities {browserName: chrome, goog:chromeOptions: {args: [--no-sandbox, --disable-dev-shm-usage, --remote-allow-origins=*], binary: /usr/bin/google-chrome, extensions: []}}]}]\n\tat org.openqa.selenium.remote.ProtocolHandshake.createSession(ProtocolHandshake.java:139)\n\tat org.openqa.selenium.remote.ProtocolHandshake.createSession(ProtocolHandshake.java:95)\n\tat org.openqa.selenium.remote.ProtocolHandshake.createSession(ProtocolHandshake.java:67)\n\tat org.openqa.selenium.remote.HttpCommandExecutor.execute(HttpCommandExecutor.java:162)\n\tat org.openqa.selenium.remote.service.DriverCommandExecutor.invokeExecute(DriverCommandExecutor.java:216)\n\tat org.openqa.selenium.remote.service.DriverCommandExecutor.execute(DriverCommandExecutor.java:174)\n\tat org.openqa.selenium.remote.RemoteWebDriver.execute(RemoteWebDriver.java:519)\n\tat org.openqa.selenium.remote.RemoteWebDriver.startSession(RemoteWebDriver.java:233)\n\tat org.openqa.selenium.remote.RemoteWebDriver.<init>(RemoteWebDriver.java:162)\n\tat org.openqa.selenium.chromium.ChromiumDriver.<init>(ChromiumDriver.java:114)\n\tat org.openqa.selenium.chrome.ChromeDriver.<init>(ChromeDriver.java:89)\n\tat org.openqa.selenium.chrome.ChromeDriver.<init>(ChromeDriver.java:84)\n\tat org.openqa.selenium.chrome.ChromeDriver.<init>(ChromeDriver.java:73)\n\tat helper.Utility.startDriver(Utility.java:27)\n\tat stepDef.Hooks.beforeTest(Hooks.java:14)\n","duration":218234119,"status":"failed"},"match":{"location":"stepDef.Hooks.beforeTest()"}}],"line":24,"name":"Successful logout after login","description":"","id":"user-login;successful-logout-after-login","after":[{"result":{"error_message":"java.lang.NullPointerException: Cannot invoke \"org.openqa.selenium.WebDriver.quit()\" because \"helper.Utility.driver\" is null\n\tat helper.Utility.quitDriver(Utility.java:34)\n\tat stepDef.Hooks.afterTest(Hooks.java:21)\n","duration":2001038091,"status":"failed"},"match":{"location":"stepDef.Hooks.afterTest()"}}],"type":"scenario","keyword":"Scenario","steps":[{"result":{"duration":67206,"status":"skipped"},"line":25,"name":"User successfully logged in to the SauceDemo application","match":{"location":"stepDef.LoginStep.userSuccessfullyLoggedInToTheSauceDemoApplication()"},"keyword":"Given "},{"result":{"duration":43202,"status":"skipped"},"line":26,"name":"User click on the menu burger button","match":{"location":"stepDef.LoginStep.userClickOnTheMenuBurgerButton()"},"keyword":"When "},{"result":{"duration":44694,"status":"skipped"},"line":27,"name":"User click the logout button","match":{"location":"stepDef.LoginStep.userClickTheLogoutButton()"},"keyword":"And "},{"result":{"duration":43712,"status":"skipped"},"line":28,"name":"User should be redirected to the login page","match":{"location":"stepDef.LoginStep.userShouldBeRedirectedToTheLoginPage()"},"keyword":"Then "}]}],"name":"User Login","description":"","id":"user-login","keyword":"Feature","uri":"file:src/test/java/features/login.feature","tags":[]},{"line":1,"elements":[{"start_timestamp":"2024-11-25T15:37:51.109Z","before":[{"result":{"error_message":"org.openqa.selenium.SessionNotCreatedException: Could not start a new session. Response code 500. Message: session not created: Chrome failed to start: exited normally.\n  (session not created: DevToolsActivePort file doesn't exist)\n  (The process started from chrome location /usr/bin/google-chrome is no longer running, so ChromeDriver is assuming that Chrome has crashed.) \nHost info: host: 'fv-az1251-79', ip: '10.1.0.207'\nBuild info: version: '4.17.0', revision: 'e52b1be057*'\nSystem info: os.name: 'Linux', os.arch: 'amd64', os.version: '6.5.0-1025-azure', java.version: '17.0.13'\nDriver info: org.openqa.selenium.chrome.ChromeDriver\nCommand: [null, newSession {capabilities=[Capabilities {browserName: chrome, goog:chromeOptions: {args: [--no-sandbox, --disable-dev-shm-usage, --remote-allow-origins=*], binary: /usr/bin/google-chrome, extensions: []}}]}]\n\tat org.openqa.selenium.remote.ProtocolHandshake.createSession(ProtocolHandshake.java:139)\n\tat org.openqa.selenium.remote.ProtocolHandshake.createSession(ProtocolHandshake.java:95)\n\tat org.openqa.selenium.remote.ProtocolHandshake.createSession(ProtocolHandshake.java:67)\n\tat org.openqa.selenium.remote.HttpCommandExecutor.execute(HttpCommandExecutor.java:162)\n\tat org.openqa.selenium.remote.service.DriverCommandExecutor.invokeExecute(DriverCommandExecutor.java:216)\n\tat org.openqa.selenium.remote.service.DriverCommandExecutor.execute(DriverCommandExecutor.java:174)\n\tat org.openqa.selenium.remote.RemoteWebDriver.execute(RemoteWebDriver.java:519)\n\tat org.openqa.selenium.remote.RemoteWebDriver.startSession(RemoteWebDriver.java:233)\n\tat org.openqa.selenium.remote.RemoteWebDriver.<init>(RemoteWebDriver.java:162)\n\tat org.openqa.selenium.chromium.ChromiumDriver.<init>(ChromiumDriver.java:114)\n\tat org.openqa.selenium.chrome.ChromeDriver.<init>(ChromeDriver.java:89)\n\tat org.openqa.selenium.chrome.ChromeDriver.<init>(ChromeDriver.java:84)\n\tat org.openqa.selenium.chrome.ChromeDriver.<init>(ChromeDriver.java:73)\n\tat helper.Utility.startDriver(Utility.java:27)\n\tat stepDef.Hooks.beforeTest(Hooks.java:14)\n","duration":213315071,"status":"failed"},"match":{"location":"stepDef.Hooks.beforeTest()"}}],"line":13,"name":"Viewing product details","description":"","id":"product-interaction-in-saucedemo-inventory;viewing-product-details;;2","after":[{"result":{"error_message":"java.lang.NullPointerException: Cannot invoke \"org.openqa.selenium.WebDriver.quit()\" because \"helper.Utility.driver\" is null\n\tat helper.Utility.quitDriver(Utility.java:34)\n\tat stepDef.Hooks.afterTest(Hooks.java:21)\n","duration":2000546258,"status":"failed"},"match":{"location":"stepDef.Hooks.afterTest()"}}],"type":"scenario","keyword":"Scenario Outline","steps":[{"result":{"duration":60683,"status":"skipped"},"line":8,"name":"User successfully logged in to the SauceDemo application","match":{"location":"stepDef.LoginStep.userSuccessfullyLoggedInToTheSauceDemoApplication()"},"keyword":"Given "},{"result":{"duration":43972,"status":"skipped"},"line":9,"name":"User click on the \"Sauce Labs Backpack\" product","match":{"arguments":[{"val":"\"Sauce Labs Backpack\"","offset":18}],"location":"stepDef.ProductStep.userClickOnTheProduct(java.lang.String)"},"keyword":"When "},{"result":{"duration":49363,"status":"skipped"},"line":10,"name":"User should see the product details page","match":{"location":"stepDef.ProductStep.userShouldSeeTheProductDetailsPage()"},"keyword":"Then "}]},{"start_timestamp":"2024-11-25T15:37:53.331Z","before":[{"result":{"error_message":"org.openqa.selenium.SessionNotCreatedException: Could not start a new session. Response code 500. Message: session not created: Chrome failed to start: exited normally.\n  (session not created: DevToolsActivePort file doesn't exist)\n  (The process started from chrome location /usr/bin/google-chrome is no longer running, so ChromeDriver is assuming that Chrome has crashed.) \nHost info: host: 'fv-az1251-79', ip: '10.1.0.207'\nBuild info: version: '4.17.0', revision: 'e52b1be057*'\nSystem info: os.name: 'Linux', os.arch: 'amd64', os.version: '6.5.0-1025-azure', java.version: '17.0.13'\nDriver info: org.openqa.selenium.chrome.ChromeDriver\nCommand: [null, newSession {capabilities=[Capabilities {browserName: chrome, goog:chromeOptions: {args: [--no-sandbox, --disable-dev-shm-usage, --remote-allow-origins=*], binary: /usr/bin/google-chrome, extensions: []}}]}]\n\tat org.openqa.selenium.remote.ProtocolHandshake.createSession(ProtocolHandshake.java:139)\n\tat org.openqa.selenium.remote.ProtocolHandshake.createSession(ProtocolHandshake.java:95)\n\tat org.openqa.selenium.remote.ProtocolHandshake.createSession(ProtocolHandshake.java:67)\n\tat org.openqa.selenium.remote.HttpCommandExecutor.execute(HttpCommandExecutor.java:162)\n\tat org.openqa.selenium.remote.service.DriverCommandExecutor.invokeExecute(DriverCommandExecutor.java:216)\n\tat org.openqa.selenium.remote.service.DriverCommandExecutor.execute(DriverCommandExecutor.java:174)\n\tat org.openqa.selenium.remote.RemoteWebDriver.execute(RemoteWebDriver.java:519)\n\tat org.openqa.selenium.remote.RemoteWebDriver.startSession(RemoteWebDriver.java:233)\n\tat org.openqa.selenium.remote.RemoteWebDriver.<init>(RemoteWebDriver.java:162)\n\tat org.openqa.selenium.chromium.ChromiumDriver.<init>(ChromiumDriver.java:114)\n\tat org.openqa.selenium.chrome.ChromeDriver.<init>(ChromeDriver.java:89)\n\tat org.openqa.selenium.chrome.ChromeDriver.<init>(ChromeDriver.java:84)\n\tat org.openqa.selenium.chrome.ChromeDriver.<init>(ChromeDriver.java:73)\n\tat helper.Utility.startDriver(Utility.java:27)\n\tat stepDef.Hooks.beforeTest(Hooks.java:14)\n","duration":220275763,"status":"failed"},"match":{"location":"stepDef.Hooks.beforeTest()"}}],"line":14,"name":"Viewing product details","description":"","id":"product-interaction-in-saucedemo-inventory;viewing-product-details;;3","after":[{"result":{"error_message":"java.lang.NullPointerException: Cannot invoke \"org.openqa.selenium.WebDriver.quit()\" because \"helper.Utility.driver\" is null\n\tat helper.Utility.quitDriver(Utility.java:34)\n\tat stepDef.Hooks.afterTest(Hooks.java:21)\n","duration":2000457655,"status":"failed"},"match":{"location":"stepDef.Hooks.afterTest()"}}],"type":"scenario","keyword":"Scenario Outline","steps":[{"result":{"duration":71013,"status":"skipped"},"line":8,"name":"User successfully logged in to the SauceDemo application","match":{"location":"stepDef.LoginStep.userSuccessfullyLoggedInToTheSauceDemoApplication()"},"keyword":"Given "},{"result":{"duration":47339,"status":"skipped"},"line":9,"name":"User click on the \"Sauce Labs Bike Light\" product","match":{"arguments":[{"val":"\"Sauce Labs Bike Light\"","offset":18}],"location":"stepDef.ProductStep.userClickOnTheProduct(java.lang.String)"},"keyword":"When "},{"result":{"duration":37190,"status":"skipped"},"line":10,"name":"User should see the product details page","match":{"location":"stepDef.ProductStep.userShouldSeeTheProductDetailsPage()"},"keyword":"Then "}]},{"start_timestamp":"2024-11-25T15:37:55.556Z","before":[{"result":{"error_message":"org.openqa.selenium.SessionNotCreatedException: Could not start a new session. Response code 500. Message: session not created: Chrome failed to start: exited normally.\n  (session not created: DevToolsActivePort file doesn't exist)\n  (The process started from chrome location /usr/bin/google-chrome is no longer running, so ChromeDriver is assuming that Chrome has crashed.) \nHost info: host: 'fv-az1251-79', ip: '10.1.0.207'\nBuild info: version: '4.17.0', revision: 'e52b1be057*'\nSystem info: os.name: 'Linux', os.arch: 'amd64', os.version: '6.5.0-1025-azure', java.version: '17.0.13'\nDriver info: org.openqa.selenium.chrome.ChromeDriver\nCommand: [null, newSession {capabilities=[Capabilities {browserName: chrome, goog:chromeOptions: {args: [--no-sandbox, --disable-dev-shm-usage, --remote-allow-origins=*], binary: /usr/bin/google-chrome, extensions: []}}]}]\n\tat org.openqa.selenium.remote.ProtocolHandshake.createSession(ProtocolHandshake.java:139)\n\tat org.openqa.selenium.remote.ProtocolHandshake.createSession(ProtocolHandshake.java:95)\n\tat org.openqa.selenium.remote.ProtocolHandshake.createSession(ProtocolHandshake.java:67)\n\tat org.openqa.selenium.remote.HttpCommandExecutor.execute(HttpCommandExecutor.java:162)\n\tat org.openqa.selenium.remote.service.DriverCommandExecutor.invokeExecute(DriverCommandExecutor.java:216)\n\tat org.openqa.selenium.remote.service.DriverCommandExecutor.execute(DriverCommandExecutor.java:174)\n\tat org.openqa.selenium.remote.RemoteWebDriver.execute(RemoteWebDriver.java:519)\n\tat org.openqa.selenium.remote.RemoteWebDriver.startSession(RemoteWebDriver.java:233)\n\tat org.openqa.selenium.remote.RemoteWebDriver.<init>(RemoteWebDriver.java:162)\n\tat org.openqa.selenium.chromium.ChromiumDriver.<init>(ChromiumDriver.java:114)\n\tat org.openqa.selenium.chrome.ChromeDriver.<init>(ChromeDriver.java:89)\n\tat org.openqa.selenium.chrome.ChromeDriver.<init>(ChromeDriver.java:84)\n\tat org.openqa.selenium.chrome.ChromeDriver.<init>(ChromeDriver.java:73)\n\tat helper.Utility.startDriver(Utility.java:27)\n\tat stepDef.Hooks.beforeTest(Hooks.java:14)\n","duration":214710963,"status":"failed"},"match":{"location":"stepDef.Hooks.beforeTest()"}}],"line":15,"name":"Viewing product details","description":"","id":"product-interaction-in-saucedemo-inventory;viewing-product-details;;4","after":[{"result":{"error_message":"java.lang.NullPointerException: Cannot invoke \"org.openqa.selenium.WebDriver.quit()\" because \"helper.Utility.driver\" is null\n\tat helper.Utility.quitDriver(Utility.java:34)\n\tat stepDef.Hooks.afterTest(Hooks.java:21)\n","duration":2000497582,"status":"failed"},"match":{"location":"stepDef.Hooks.afterTest()"}}],"type":"scenario","keyword":"Scenario Outline","steps":[{"result":{"duration":108885,"status":"skipped"},"line":8,"name":"User successfully logged in to the SauceDemo application","match":{"location":"stepDef.LoginStep.userSuccessfullyLoggedInToTheSauceDemoApplication()"},"keyword":"Given "},{"result":{"duration":62778,"status":"skipped"},"line":9,"name":"User click on the \"Sauce Labs Bolt T-Shirt\" product","match":{"arguments":[{"val":"\"Sauce Labs Bolt T-Shirt\"","offset":18}],"location":"stepDef.ProductStep.userClickOnTheProduct(java.lang.String)"},"keyword":"When "},{"result":{"duration":69581,"status":"skipped"},"line":10,"name":"User should see the product details page","match":{"location":"stepDef.ProductStep.userShouldSeeTheProductDetailsPage()"},"keyword":"Then "}]},{"start_timestamp":"2024-11-25T15:37:57.776Z","before":[{"result":{"error_message":"org.openqa.selenium.SessionNotCreatedException: Could not start a new session. Response code 500. Message: session not created: Chrome failed to start: exited normally.\n  (session not created: DevToolsActivePort file doesn't exist)\n  (The process started from chrome location /usr/bin/google-chrome is no longer running, so ChromeDriver is assuming that Chrome has crashed.) \nHost info: host: 'fv-az1251-79', ip: '10.1.0.207'\nBuild info: version: '4.17.0', revision: 'e52b1be057*'\nSystem info: os.name: 'Linux', os.arch: 'amd64', os.version: '6.5.0-1025-azure', java.version: '17.0.13'\nDriver info: org.openqa.selenium.chrome.ChromeDriver\nCommand: [null, newSession {capabilities=[Capabilities {browserName: chrome, goog:chromeOptions: {args: [--no-sandbox, --disable-dev-shm-usage, --remote-allow-origins=*], binary: /usr/bin/google-chrome, extensions: []}}]}]\n\tat org.openqa.selenium.remote.ProtocolHandshake.createSession(ProtocolHandshake.java:139)\n\tat org.openqa.selenium.remote.ProtocolHandshake.createSession(ProtocolHandshake.java:95)\n\tat org.openqa.selenium.remote.ProtocolHandshake.createSession(ProtocolHandshake.java:67)\n\tat org.openqa.selenium.remote.HttpCommandExecutor.execute(HttpCommandExecutor.java:162)\n\tat org.openqa.selenium.remote.service.DriverCommandExecutor.invokeExecute(DriverCommandExecutor.java:216)\n\tat org.openqa.selenium.remote.service.DriverCommandExecutor.execute(DriverCommandExecutor.java:174)\n\tat org.openqa.selenium.remote.RemoteWebDriver.execute(RemoteWebDriver.java:519)\n\tat org.openqa.selenium.remote.RemoteWebDriver.startSession(RemoteWebDriver.java:233)\n\tat org.openqa.selenium.remote.RemoteWebDriver.<init>(RemoteWebDriver.java:162)\n\tat org.openqa.selenium.chromium.ChromiumDriver.<init>(ChromiumDriver.java:114)\n\tat org.openqa.selenium.chrome.ChromeDriver.<init>(ChromeDriver.java:89)\n\tat org.openqa.selenium.chrome.ChromeDriver.<init>(ChromeDriver.java:84)\n\tat org.openqa.selenium.chrome.ChromeDriver.<init>(ChromeDriver.java:73)\n\tat helper.Utility.startDriver(Utility.java:27)\n\tat stepDef.Hooks.beforeTest(Hooks.java:14)\n","duration":213711457,"status":"failed"},"match":{"location":"stepDef.Hooks.beforeTest()"}}],"line":16,"name":"Viewing product details","description":"","id":"product-interaction-in-saucedemo-inventory;viewing-product-details;;5","after":[{"result":{"error_message":"java.lang.NullPointerException: Cannot invoke \"org.openqa.selenium.WebDriver.quit()\" because \"helper.Utility.driver\" is null\n\tat helper.Utility.quitDriver(Utility.java:34)\n\tat stepDef.Hooks.afterTest(Hooks.java:21)\n","duration":2000571300,"status":"failed"},"match":{"location":"stepDef.Hooks.afterTest()"}}],"type":"scenario","keyword":"Scenario Outline","steps":[{"result":{"duration":84959,"status":"skipped"},"line":8,"name":"User successfully logged in to the SauceDemo application","match":{"location":"stepDef.LoginStep.userSuccessfullyLoggedInToTheSauceDemoApplication()"},"keyword":"Given "},{"result":{"duration":39364,"status":"skipped"},"line":9,"name":"User click on the \"Sauce Labs Fleece Jacket\" product","match":{"arguments":[{"val":"\"Sauce Labs Fleece Jacket\"","offset":18}],"location":"stepDef.ProductStep.userClickOnTheProduct(java.lang.String)"},"keyword":"When "},{"result":{"duration":46537,"status":"skipped"},"line":10,"name":"User should see the product details page","match":{"location":"stepDef.ProductStep.userShouldSeeTheProductDetailsPage()"},"keyword":"Then "}]},{"start_timestamp":"2024-11-25T15:37:59.994Z","before":[{"result":{"error_message":"org.openqa.selenium.SessionNotCreatedException: Could not start a new session. Response code 500. Message: session not created: Chrome failed to start: exited normally.\n  (session not created: DevToolsActivePort file doesn't exist)\n  (The process started from chrome location /usr/bin/google-chrome is no longer running, so ChromeDriver is assuming that Chrome has crashed.) \nHost info: host: 'fv-az1251-79', ip: '10.1.0.207'\nBuild info: version: '4.17.0', revision: 'e52b1be057*'\nSystem info: os.name: 'Linux', os.arch: 'amd64', os.version: '6.5.0-1025-azure', java.version: '17.0.13'\nDriver info: org.openqa.selenium.chrome.ChromeDriver\nCommand: [null, newSession {capabilities=[Capabilities {browserName: chrome, goog:chromeOptions: {args: [--no-sandbox, --disable-dev-shm-usage, --remote-allow-origins=*], binary: /usr/bin/google-chrome, extensions: []}}]}]\n\tat org.openqa.selenium.remote.ProtocolHandshake.createSession(ProtocolHandshake.java:139)\n\tat org.openqa.selenium.remote.ProtocolHandshake.createSession(ProtocolHandshake.java:95)\n\tat org.openqa.selenium.remote.ProtocolHandshake.createSession(ProtocolHandshake.java:67)\n\tat org.openqa.selenium.remote.HttpCommandExecutor.execute(HttpCommandExecutor.java:162)\n\tat org.openqa.selenium.remote.service.DriverCommandExecutor.invokeExecute(DriverCommandExecutor.java:216)\n\tat org.openqa.selenium.remote.service.DriverCommandExecutor.execute(DriverCommandExecutor.java:174)\n\tat org.openqa.selenium.remote.RemoteWebDriver.execute(RemoteWebDriver.java:519)\n\tat org.openqa.selenium.remote.RemoteWebDriver.startSession(RemoteWebDriver.java:233)\n\tat org.openqa.selenium.remote.RemoteWebDriver.<init>(RemoteWebDriver.java:162)\n\tat org.openqa.selenium.chromium.ChromiumDriver.<init>(ChromiumDriver.java:114)\n\tat org.openqa.selenium.chrome.ChromeDriver.<init>(ChromeDriver.java:89)\n\tat org.openqa.selenium.chrome.ChromeDriver.<init>(ChromeDriver.java:84)\n\tat org.openqa.selenium.chrome.ChromeDriver.<init>(ChromeDriver.java:73)\n\tat helper.Utility.startDriver(Utility.java:27)\n\tat stepDef.Hooks.beforeTest(Hooks.java:14)\n","duration":215129327,"status":"failed"},"match":{"location":"stepDef.Hooks.beforeTest()"}}],"line":17,"name":"Viewing product details","description":"","id":"product-interaction-in-saucedemo-inventory;viewing-product-details;;6","after":[{"result":{"error_message":"java.lang.NullPointerException: Cannot invoke \"org.openqa.selenium.WebDriver.quit()\" because \"helper.Utility.driver\" is null\n\tat helper.Utility.quitDriver(Utility.java:34)\n\tat stepDef.Hooks.afterTest(Hooks.java:21)\n","duration":2000518169,"status":"failed"},"match":{"location":"stepDef.Hooks.afterTest()"}}],"type":"scenario","keyword":"Scenario Outline","steps":[{"result":{"duration":64320,"status":"skipped"},"line":8,"name":"User successfully logged in to the SauceDemo application","match":{"location":"stepDef.LoginStep.userSuccessfullyLoggedInToTheSauceDemoApplication()"},"keyword":"Given "},{"result":{"duration":39304,"status":"skipped"},"line":9,"name":"User click on the \"Sauce Labs Onesie\" product","match":{"arguments":[{"val":"\"Sauce Labs Onesie\"","offset":18}],"location":"stepDef.ProductStep.userClickOnTheProduct(java.lang.String)"},"keyword":"When "},{"result":{"duration":35026,"status":"skipped"},"line":10,"name":"User should see the product details page","match":{"location":"stepDef.ProductStep.userShouldSeeTheProductDetailsPage()"},"keyword":"Then "}]},{"start_timestamp":"2024-11-25T15:38:02.214Z","before":[{"result":{"error_message":"org.openqa.selenium.SessionNotCreatedException: Could not start a new session. Response code 500. Message: session not created: Chrome failed to start: exited normally.\n  (session not created: DevToolsActivePort file doesn't exist)\n  (The process started from chrome location /usr/bin/google-chrome is no longer running, so ChromeDriver is assuming that Chrome has crashed.) \nHost info: host: 'fv-az1251-79', ip: '10.1.0.207'\nBuild info: version: '4.17.0', revision: 'e52b1be057*'\nSystem info: os.name: 'Linux', os.arch: 'amd64', os.version: '6.5.0-1025-azure', java.version: '17.0.13'\nDriver info: org.openqa.selenium.chrome.ChromeDriver\nCommand: [null, newSession {capabilities=[Capabilities {browserName: chrome, goog:chromeOptions: {args: [--no-sandbox, --disable-dev-shm-usage, --remote-allow-origins=*], binary: /usr/bin/google-chrome, extensions: []}}]}]\n\tat org.openqa.selenium.remote.ProtocolHandshake.createSession(ProtocolHandshake.java:139)\n\tat org.openqa.selenium.remote.ProtocolHandshake.createSession(ProtocolHandshake.java:95)\n\tat org.openqa.selenium.remote.ProtocolHandshake.createSession(ProtocolHandshake.java:67)\n\tat org.openqa.selenium.remote.HttpCommandExecutor.execute(HttpCommandExecutor.java:162)\n\tat org.openqa.selenium.remote.service.DriverCommandExecutor.invokeExecute(DriverCommandExecutor.java:216)\n\tat org.openqa.selenium.remote.service.DriverCommandExecutor.execute(DriverCommandExecutor.java:174)\n\tat org.openqa.selenium.remote.RemoteWebDriver.execute(RemoteWebDriver.java:519)\n\tat org.openqa.selenium.remote.RemoteWebDriver.startSession(RemoteWebDriver.java:233)\n\tat org.openqa.selenium.remote.RemoteWebDriver.<init>(RemoteWebDriver.java:162)\n\tat org.openqa.selenium.chromium.ChromiumDriver.<init>(ChromiumDriver.java:114)\n\tat org.openqa.selenium.chrome.ChromeDriver.<init>(ChromeDriver.java:89)\n\tat org.openqa.selenium.chrome.ChromeDriver.<init>(ChromeDriver.java:84)\n\tat org.openqa.selenium.chrome.ChromeDriver.<init>(ChromeDriver.java:73)\n\tat helper.Utility.startDriver(Utility.java:27)\n\tat stepDef.Hooks.beforeTest(Hooks.java:14)\n","duration":212890683,"status":"failed"},"match":{"location":"stepDef.Hooks.beforeTest()"}}],"line":18,"name":"Viewing product details","description":"","id":"product-interaction-in-saucedemo-inventory;viewing-product-details;;7","after":[{"result":{"error_message":"java.lang.NullPointerException: Cannot invoke \"org.openqa.selenium.WebDriver.quit()\" because \"helper.Utility.driver\" is null\n\tat helper.Utility.quitDriver(Utility.java:34)\n\tat stepDef.Hooks.afterTest(Hooks.java:21)\n","duration":2000489427,"status":"failed"},"match":{"location":"stepDef.Hooks.afterTest()"}}],"type":"scenario","keyword":"Scenario Outline","steps":[{"result":{"duration":43782,"status":"skipped"},"line":8,"name":"User successfully logged in to the SauceDemo application","match":{"location":"stepDef.LoginStep.userSuccessfullyLoggedInToTheSauceDemoApplication()"},"keyword":"Given "},{"result":{"duration":54622,"status":"skipped"},"line":9,"name":"User click on the \"Test.allTheThings() T-Shirt (Red)\" product","match":{"arguments":[{"val":"\"Test.allTheThings() T-Shirt (Red)\"","offset":18}],"location":"stepDef.ProductStep.userClickOnTheProduct(java.lang.String)"},"keyword":"When "},{"result":{"duration":27461,"status":"skipped"},"line":10,"name":"User should see the product details page","match":{"location":"stepDef.ProductStep.userShouldSeeTheProductDetailsPage()"},"keyword":"Then "}]},{"start_timestamp":"2024-11-25T15:38:04.431Z","before":[{"result":{"error_message":"org.openqa.selenium.SessionNotCreatedException: Could not start a new session. Response code 500. Message: session not created: Chrome failed to start: exited normally.\n  (session not created: DevToolsActivePort file doesn't exist)\n  (The process started from chrome location /usr/bin/google-chrome is no longer running, so ChromeDriver is assuming that Chrome has crashed.) \nHost info: host: 'fv-az1251-79', ip: '10.1.0.207'\nBuild info: version: '4.17.0', revision: 'e52b1be057*'\nSystem info: os.name: 'Linux', os.arch: 'amd64', os.version: '6.5.0-1025-azure', java.version: '17.0.13'\nDriver info: org.openqa.selenium.chrome.ChromeDriver\nCommand: [null, newSession {capabilities=[Capabilities {browserName: chrome, goog:chromeOptions: {args: [--no-sandbox, --disable-dev-shm-usage, --remote-allow-origins=*], binary: /usr/bin/google-chrome, extensions: []}}]}]\n\tat org.openqa.selenium.remote.ProtocolHandshake.createSession(ProtocolHandshake.java:139)\n\tat org.openqa.selenium.remote.ProtocolHandshake.createSession(ProtocolHandshake.java:95)\n\tat org.openqa.selenium.remote.ProtocolHandshake.createSession(ProtocolHandshake.java:67)\n\tat org.openqa.selenium.remote.HttpCommandExecutor.execute(HttpCommandExecutor.java:162)\n\tat org.openqa.selenium.remote.service.DriverCommandExecutor.invokeExecute(DriverCommandExecutor.java:216)\n\tat org.openqa.selenium.remote.service.DriverCommandExecutor.execute(DriverCommandExecutor.java:174)\n\tat org.openqa.selenium.remote.RemoteWebDriver.execute(RemoteWebDriver.java:519)\n\tat org.openqa.selenium.remote.RemoteWebDriver.startSession(RemoteWebDriver.java:233)\n\tat org.openqa.selenium.remote.RemoteWebDriver.<init>(RemoteWebDriver.java:162)\n\tat org.openqa.selenium.chromium.ChromiumDriver.<init>(ChromiumDriver.java:114)\n\tat org.openqa.selenium.chrome.ChromeDriver.<init>(ChromeDriver.java:89)\n\tat org.openqa.selenium.chrome.ChromeDriver.<init>(ChromeDriver.java:84)\n\tat org.openqa.selenium.chrome.ChromeDriver.<init>(ChromeDriver.java:73)\n\tat helper.Utility.startDriver(Utility.java:27)\n\tat stepDef.Hooks.beforeTest(Hooks.java:14)\n","duration":207682602,"status":"failed"},"match":{"location":"stepDef.Hooks.beforeTest()"}}],"line":27,"name":"Adding a product to the cart","description":"","id":"product-interaction-in-saucedemo-inventory;adding-a-product-to-the-cart;;2","after":[{"result":{"error_message":"java.lang.NullPointerException: Cannot invoke \"org.openqa.selenium.WebDriver.quit()\" because \"helper.Utility.driver\" is null\n\tat helper.Utility.quitDriver(Utility.java:34)\n\tat stepDef.Hooks.afterTest(Hooks.java:21)\n","duration":2000552146,"status":"failed"},"match":{"location":"stepDef.Hooks.afterTest()"}}],"type":"scenario","keyword":"Scenario Outline","steps":[{"result":{"duration":48441,"status":"skipped"},"line":22,"name":"User successfully logged in to the SauceDemo application","match":{"location":"stepDef.LoginStep.userSuccessfullyLoggedInToTheSauceDemoApplication()"},"keyword":"Given "},{"result":{"duration":27342,"status":"skipped"},"line":23,"name":"User add the \"Sauce Labs Backpack\" to my cart","match":{"arguments":[{"val":"\"Sauce Labs Backpack\"","offset":13}],"location":"stepDef.ProductStep.userAddTheToMyCart(java.lang.String)"},"keyword":"When "},{"result":{"duration":61756,"status":"skipped"},"line":24,"name":"the cart badge should show \"1\"","match":{"arguments":[{"val":"\"1\"","offset":27}],"location":"stepDef.ProductStep.theCartBadgeShouldShow(java.lang.String)"},"keyword":"Then "}]},{"start_timestamp":"2024-11-25T15:38:06.642Z","before":[{"result":{"error_message":"org.openqa.selenium.SessionNotCreatedException: Could not start a new session. Response code 500. Message: session not created: Chrome failed to start: exited normally.\n  (session not created: DevToolsActivePort file doesn't exist)\n  (The process started from chrome location /usr/bin/google-chrome is no longer running, so ChromeDriver is assuming that Chrome has crashed.) \nHost info: host: 'fv-az1251-79', ip: '10.1.0.207'\nBuild info: version: '4.17.0', revision: 'e52b1be057*'\nSystem info: os.name: 'Linux', os.arch: 'amd64', os.version: '6.5.0-1025-azure', java.version: '17.0.13'\nDriver info: org.openqa.selenium.chrome.ChromeDriver\nCommand: [null, newSession {capabilities=[Capabilities {browserName: chrome, goog:chromeOptions: {args: [--no-sandbox, --disable-dev-shm-usage, --remote-allow-origins=*], binary: /usr/bin/google-chrome, extensions: []}}]}]\n\tat org.openqa.selenium.remote.ProtocolHandshake.createSession(ProtocolHandshake.java:139)\n\tat org.openqa.selenium.remote.ProtocolHandshake.createSession(ProtocolHandshake.java:95)\n\tat org.openqa.selenium.remote.ProtocolHandshake.createSession(ProtocolHandshake.java:67)\n\tat org.openqa.selenium.remote.HttpCommandExecutor.execute(HttpCommandExecutor.java:162)\n\tat org.openqa.selenium.remote.service.DriverCommandExecutor.invokeExecute(DriverCommandExecutor.java:216)\n\tat org.openqa.selenium.remote.service.DriverCommandExecutor.execute(DriverCommandExecutor.java:174)\n\tat org.openqa.selenium.remote.RemoteWebDriver.execute(RemoteWebDriver.java:519)\n\tat org.openqa.selenium.remote.RemoteWebDriver.startSession(RemoteWebDriver.java:233)\n\tat org.openqa.selenium.remote.RemoteWebDriver.<init>(RemoteWebDriver.java:162)\n\tat org.openqa.selenium.chromium.ChromiumDriver.<init>(ChromiumDriver.java:114)\n\tat org.openqa.selenium.chrome.ChromeDriver.<init>(ChromeDriver.java:89)\n\tat org.openqa.selenium.chrome.ChromeDriver.<init>(ChromeDriver.java:84)\n\tat org.openqa.selenium.chrome.ChromeDriver.<init>(ChromeDriver.java:73)\n\tat helper.Utility.startDriver(Utility.java:27)\n\tat stepDef.Hooks.beforeTest(Hooks.java:14)\n","duration":213454707,"status":"failed"},"match":{"location":"stepDef.Hooks.beforeTest()"}}],"line":28,"name":"Adding a product to the cart","description":"","id":"product-interaction-in-saucedemo-inventory;adding-a-product-to-the-cart;;3","after":[{"result":{"error_message":"java.lang.NullPointerException: Cannot invoke \"org.openqa.selenium.WebDriver.quit()\" because \"helper.Utility.driver\" is null\n\tat helper.Utility.quitDriver(Utility.java:34)\n\tat stepDef.Hooks.afterTest(Hooks.java:21)\n","duration":2000516033,"status":"failed"},"match":{"location":"stepDef.Hooks.afterTest()"}}],"type":"scenario","keyword":"Scenario Outline","steps":[{"result":{"duration":61335,"status":"skipped"},"line":22,"name":"User successfully logged in to the SauceDemo application","match":{"location":"stepDef.LoginStep.userSuccessfullyLoggedInToTheSauceDemoApplication()"},"keyword":"Given "},{"result":{"duration":41899,"status":"skipped"},"line":23,"name":"User add the \"Sauce Labs Bike Light\" to my cart","match":{"arguments":[{"val":"\"Sauce Labs Bike Light\"","offset":13}],"location":"stepDef.ProductStep.userAddTheToMyCart(java.lang.String)"},"keyword":"When "},{"result":{"duration":43301,"status":"skipped"},"line":24,"name":"the cart badge should show \"1\"","match":{"arguments":[{"val":"\"1\"","offset":27}],"location":"stepDef.ProductStep.theCartBadgeShouldShow(java.lang.String)"},"keyword":"Then "}]},{"start_timestamp":"2024-11-25T15:38:08.860Z","before":[{"result":{"error_message":"org.openqa.selenium.SessionNotCreatedException: Could not start a new session. Response code 500. Message: session not created: Chrome failed to start: exited normally.\n  (session not created: DevToolsActivePort file doesn't exist)\n  (The process started from chrome location /usr/bin/google-chrome is no longer running, so ChromeDriver is assuming that Chrome has crashed.) \nHost info: host: 'fv-az1251-79', ip: '10.1.0.207'\nBuild info: version: '4.17.0', revision: 'e52b1be057*'\nSystem info: os.name: 'Linux', os.arch: 'amd64', os.version: '6.5.0-1025-azure', java.version: '17.0.13'\nDriver info: org.openqa.selenium.chrome.ChromeDriver\nCommand: [null, newSession {capabilities=[Capabilities {browserName: chrome, goog:chromeOptions: {args: [--no-sandbox, --disable-dev-shm-usage, --remote-allow-origins=*], binary: /usr/bin/google-chrome, extensions: []}}]}]\n\tat org.openqa.selenium.remote.ProtocolHandshake.createSession(ProtocolHandshake.java:139)\n\tat org.openqa.selenium.remote.ProtocolHandshake.createSession(ProtocolHandshake.java:95)\n\tat org.openqa.selenium.remote.ProtocolHandshake.createSession(ProtocolHandshake.java:67)\n\tat org.openqa.selenium.remote.HttpCommandExecutor.execute(HttpCommandExecutor.java:162)\n\tat org.openqa.selenium.remote.service.DriverCommandExecutor.invokeExecute(DriverCommandExecutor.java:216)\n\tat org.openqa.selenium.remote.service.DriverCommandExecutor.execute(DriverCommandExecutor.java:174)\n\tat org.openqa.selenium.remote.RemoteWebDriver.execute(RemoteWebDriver.java:519)\n\tat org.openqa.selenium.remote.RemoteWebDriver.startSession(RemoteWebDriver.java:233)\n\tat org.openqa.selenium.remote.RemoteWebDriver.<init>(RemoteWebDriver.java:162)\n\tat org.openqa.selenium.chromium.ChromiumDriver.<init>(ChromiumDriver.java:114)\n\tat org.openqa.selenium.chrome.ChromeDriver.<init>(ChromeDriver.java:89)\n\tat org.openqa.selenium.chrome.ChromeDriver.<init>(ChromeDriver.java:84)\n\tat org.openqa.selenium.chrome.ChromeDriver.<init>(ChromeDriver.java:73)\n\tat helper.Utility.startDriver(Utility.java:27)\n\tat stepDef.Hooks.beforeTest(Hooks.java:14)\n","duration":211884011,"status":"failed"},"match":{"location":"stepDef.Hooks.beforeTest()"}}],"line":29,"name":"Adding a product to the cart","description":"","id":"product-interaction-in-saucedemo-inventory;adding-a-product-to-the-cart;;4","after":[{"result":{"error_message":"java.lang.NullPointerException: Cannot invoke \"org.openqa.selenium.WebDriver.quit()\" because \"helper.Utility.driver\" is null\n\tat helper.Utility.quitDriver(Utility.java:34)\n\tat stepDef.Hooks.afterTest(Hooks.java:21)\n","duration":2000498910,"status":"failed"},"match":{"location":"stepDef.Hooks.afterTest()"}}],"type":"scenario","keyword":"Scenario Outline","steps":[{"result":{"duration":61224,"status":"skipped"},"line":22,"name":"User successfully logged in to the SauceDemo application","match":{"location":"stepDef.LoginStep.userSuccessfullyLoggedInToTheSauceDemoApplication()"},"keyword":"Given "},{"result":{"duration":40185,"status":"skipped"},"line":23,"name":"User add the \"Sauce Labs Bolt T-Shirt\" to my cart","match":{"arguments":[{"val":"\"Sauce Labs Bolt T-Shirt\"","offset":13}],"location":"stepDef.ProductStep.userAddTheToMyCart(java.lang.String)"},"keyword":"When "},{"result":{"duration":47919,"status":"skipped"},"line":24,"name":"the cart badge should show \"1\"","match":{"arguments":[{"val":"\"1\"","offset":27}],"location":"stepDef.ProductStep.theCartBadgeShouldShow(java.lang.String)"},"keyword":"Then "}]},{"start_timestamp":"2024-11-25T15:38:11.076Z","before":[{"result":{"error_message":"org.openqa.selenium.SessionNotCreatedException: Could not start a new session. Response code 500. Message: session not created: Chrome failed to start: exited normally.\n  (session not created: DevToolsActivePort file doesn't exist)\n  (The process started from chrome location /usr/bin/google-chrome is no longer running, so ChromeDriver is assuming that Chrome has crashed.) \nHost info: host: 'fv-az1251-79', ip: '10.1.0.207'\nBuild info: version: '4.17.0', revision: 'e52b1be057*'\nSystem info: os.name: 'Linux', os.arch: 'amd64', os.version: '6.5.0-1025-azure', java.version: '17.0.13'\nDriver info: org.openqa.selenium.chrome.ChromeDriver\nCommand: [null, newSession {capabilities=[Capabilities {browserName: chrome, goog:chromeOptions: {args: [--no-sandbox, --disable-dev-shm-usage, --remote-allow-origins=*], binary: /usr/bin/google-chrome, extensions: []}}]}]\n\tat org.openqa.selenium.remote.ProtocolHandshake.createSession(ProtocolHandshake.java:139)\n\tat org.openqa.selenium.remote.ProtocolHandshake.createSession(ProtocolHandshake.java:95)\n\tat org.openqa.selenium.remote.ProtocolHandshake.createSession(ProtocolHandshake.java:67)\n\tat org.openqa.selenium.remote.HttpCommandExecutor.execute(HttpCommandExecutor.java:162)\n\tat org.openqa.selenium.remote.service.DriverCommandExecutor.invokeExecute(DriverCommandExecutor.java:216)\n\tat org.openqa.selenium.remote.service.DriverCommandExecutor.execute(DriverCommandExecutor.java:174)\n\tat org.openqa.selenium.remote.RemoteWebDriver.execute(RemoteWebDriver.java:519)\n\tat org.openqa.selenium.remote.RemoteWebDriver.startSession(RemoteWebDriver.java:233)\n\tat org.openqa.selenium.remote.RemoteWebDriver.<init>(RemoteWebDriver.java:162)\n\tat org.openqa.selenium.chromium.ChromiumDriver.<init>(ChromiumDriver.java:114)\n\tat org.openqa.selenium.chrome.ChromeDriver.<init>(ChromeDriver.java:89)\n\tat org.openqa.selenium.chrome.ChromeDriver.<init>(ChromeDriver.java:84)\n\tat org.openqa.selenium.chrome.ChromeDriver.<init>(ChromeDriver.java:73)\n\tat helper.Utility.startDriver(Utility.java:27)\n\tat stepDef.Hooks.beforeTest(Hooks.java:14)\n","duration":212058625,"status":"failed"},"match":{"location":"stepDef.Hooks.beforeTest()"}}],"line":30,"name":"Adding a product to the cart","description":"","id":"product-interaction-in-saucedemo-inventory;adding-a-product-to-the-cart;;5","after":[{"result":{"error_message":"java.lang.NullPointerException: Cannot invoke \"org.openqa.selenium.WebDriver.quit()\" because \"helper.Utility.driver\" is null\n\tat helper.Utility.quitDriver(Utility.java:34)\n\tat stepDef.Hooks.afterTest(Hooks.java:21)\n","duration":2000493929,"status":"failed"},"match":{"location":"stepDef.Hooks.afterTest()"}}],"type":"scenario","keyword":"Scenario Outline","steps":[{"result":{"duration":55043,"status":"skipped"},"line":22,"name":"User successfully logged in to the SauceDemo application","match":{"location":"stepDef.LoginStep.userSuccessfullyLoggedInToTheSauceDemoApplication()"},"keyword":"Given "},{"result":{"duration":39634,"status":"skipped"},"line":23,"name":"User add the \"Sauce Labs Fleece Jacket\" to my cart","match":{"arguments":[{"val":"\"Sauce Labs Fleece Jacket\"","offset":13}],"location":"stepDef.ProductStep.userAddTheToMyCart(java.lang.String)"},"keyword":"When "},{"result":{"duration":41658,"status":"skipped"},"line":24,"name":"the cart badge should show \"1\"","match":{"arguments":[{"val":"\"1\"","offset":27}],"location":"stepDef.ProductStep.theCartBadgeShouldShow(java.lang.String)"},"keyword":"Then "}]},{"start_timestamp":"2024-11-25T15:38:13.292Z","before":[{"result":{"error_message":"org.openqa.selenium.SessionNotCreatedException: Could not start a new session. Response code 500. Message: session not created: Chrome failed to start: exited normally.\n  (session not created: DevToolsActivePort file doesn't exist)\n  (The process started from chrome location /usr/bin/google-chrome is no longer running, so ChromeDriver is assuming that Chrome has crashed.) \nHost info: host: 'fv-az1251-79', ip: '10.1.0.207'\nBuild info: version: '4.17.0', revision: 'e52b1be057*'\nSystem info: os.name: 'Linux', os.arch: 'amd64', os.version: '6.5.0-1025-azure', java.version: '17.0.13'\nDriver info: org.openqa.selenium.chrome.ChromeDriver\nCommand: [null, newSession {capabilities=[Capabilities {browserName: chrome, goog:chromeOptions: {args: [--no-sandbox, --disable-dev-shm-usage, --remote-allow-origins=*], binary: /usr/bin/google-chrome, extensions: []}}]}]\n\tat org.openqa.selenium.remote.ProtocolHandshake.createSession(ProtocolHandshake.java:139)\n\tat org.openqa.selenium.remote.ProtocolHandshake.createSession(ProtocolHandshake.java:95)\n\tat org.openqa.selenium.remote.ProtocolHandshake.createSession(ProtocolHandshake.java:67)\n\tat org.openqa.selenium.remote.HttpCommandExecutor.execute(HttpCommandExecutor.java:162)\n\tat org.openqa.selenium.remote.service.DriverCommandExecutor.invokeExecute(DriverCommandExecutor.java:216)\n\tat org.openqa.selenium.remote.service.DriverCommandExecutor.execute(DriverCommandExecutor.java:174)\n\tat org.openqa.selenium.remote.RemoteWebDriver.execute(RemoteWebDriver.java:519)\n\tat org.openqa.selenium.remote.RemoteWebDriver.startSession(RemoteWebDriver.java:233)\n\tat org.openqa.selenium.remote.RemoteWebDriver.<init>(RemoteWebDriver.java:162)\n\tat org.openqa.selenium.chromium.ChromiumDriver.<init>(ChromiumDriver.java:114)\n\tat org.openqa.selenium.chrome.ChromeDriver.<init>(ChromeDriver.java:89)\n\tat org.openqa.selenium.chrome.ChromeDriver.<init>(ChromeDriver.java:84)\n\tat org.openqa.selenium.chrome.ChromeDriver.<init>(ChromeDriver.java:73)\n\tat helper.Utility.startDriver(Utility.java:27)\n\tat stepDef.Hooks.beforeTest(Hooks.java:14)\n","duration":215958119,"status":"failed"},"match":{"location":"stepDef.Hooks.beforeTest()"}}],"line":31,"name":"Adding a product to the cart","description":"","id":"product-interaction-in-saucedemo-inventory;adding-a-product-to-the-cart;;6","after":[{"result":{"error_message":"java.lang.NullPointerException: Cannot invoke \"org.openqa.selenium.WebDriver.quit()\" because \"helper.Utility.driver\" is null\n\tat helper.Utility.quitDriver(Utility.java:34)\n\tat stepDef.Hooks.afterTest(Hooks.java:21)\n","duration":2000517748,"status":"failed"},"match":{"location":"stepDef.Hooks.afterTest()"}}],"type":"scenario","keyword":"Scenario Outline","steps":[{"result":{"duration":59611,"status":"skipped"},"line":22,"name":"User successfully logged in to the SauceDemo application","match":{"location":"stepDef.LoginStep.userSuccessfullyLoggedInToTheSauceDemoApplication()"},"keyword":"Given "},{"result":{"duration":47369,"status":"skipped"},"line":23,"name":"User add the \"Sauce Labs Onesie\" to my cart","match":{"arguments":[{"val":"\"Sauce Labs Onesie\"","offset":13}],"location":"stepDef.ProductStep.userAddTheToMyCart(java.lang.String)"},"keyword":"When "},{"result":{"duration":42720,"status":"skipped"},"line":24,"name":"the cart badge should show \"1\"","match":{"arguments":[{"val":"\"1\"","offset":27}],"location":"stepDef.ProductStep.theCartBadgeShouldShow(java.lang.String)"},"keyword":"Then "}]},{"start_timestamp":"2024-11-25T15:38:15.511Z","before":[{"result":{"error_message":"org.openqa.selenium.SessionNotCreatedException: Could not start a new session. Response code 500. Message: session not created: Chrome failed to start: exited normally.\n  (session not created: DevToolsActivePort file doesn't exist)\n  (The process started from chrome location /usr/bin/google-chrome is no longer running, so ChromeDriver is assuming that Chrome has crashed.) \nHost info: host: 'fv-az1251-79', ip: '10.1.0.207'\nBuild info: version: '4.17.0', revision: 'e52b1be057*'\nSystem info: os.name: 'Linux', os.arch: 'amd64', os.version: '6.5.0-1025-azure', java.version: '17.0.13'\nDriver info: org.openqa.selenium.chrome.ChromeDriver\nCommand: [null, newSession {capabilities=[Capabilities {browserName: chrome, goog:chromeOptions: {args: [--no-sandbox, --disable-dev-shm-usage, --remote-allow-origins=*], binary: /usr/bin/google-chrome, extensions: []}}]}]\n\tat org.openqa.selenium.remote.ProtocolHandshake.createSession(ProtocolHandshake.java:139)\n\tat org.openqa.selenium.remote.ProtocolHandshake.createSession(ProtocolHandshake.java:95)\n\tat org.openqa.selenium.remote.ProtocolHandshake.createSession(ProtocolHandshake.java:67)\n\tat org.openqa.selenium.remote.HttpCommandExecutor.execute(HttpCommandExecutor.java:162)\n\tat org.openqa.selenium.remote.service.DriverCommandExecutor.invokeExecute(DriverCommandExecutor.java:216)\n\tat org.openqa.selenium.remote.service.DriverCommandExecutor.execute(DriverCommandExecutor.java:174)\n\tat org.openqa.selenium.remote.RemoteWebDriver.execute(RemoteWebDriver.java:519)\n\tat org.openqa.selenium.remote.RemoteWebDriver.startSession(RemoteWebDriver.java:233)\n\tat org.openqa.selenium.remote.RemoteWebDriver.<init>(RemoteWebDriver.java:162)\n\tat org.openqa.selenium.chromium.ChromiumDriver.<init>(ChromiumDriver.java:114)\n\tat org.openqa.selenium.chrome.ChromeDriver.<init>(ChromeDriver.java:89)\n\tat org.openqa.selenium.chrome.ChromeDriver.<init>(ChromeDriver.java:84)\n\tat org.openqa.selenium.chrome.ChromeDriver.<init>(ChromeDriver.java:73)\n\tat helper.Utility.startDriver(Utility.java:27)\n\tat stepDef.Hooks.beforeTest(Hooks.java:14)\n","duration":210314727,"status":"failed"},"match":{"location":"stepDef.Hooks.beforeTest()"}}],"line":32,"name":"Adding a product to the cart","description":"","id":"product-interaction-in-saucedemo-inventory;adding-a-product-to-the-cart;;7","after":[{"result":{"error_message":"java.lang.NullPointerException: Cannot invoke \"org.openqa.selenium.WebDriver.quit()\" because \"helper.Utility.driver\" is null\n\tat helper.Utility.quitDriver(Utility.java:34)\n\tat stepDef.Hooks.afterTest(Hooks.java:21)\n","duration":2000504792,"status":"failed"},"match":{"location":"stepDef.Hooks.afterTest()"}}],"type":"scenario","keyword":"Scenario Outline","steps":[{"result":{"duration":42089,"status":"skipped"},"line":22,"name":"User successfully logged in to the SauceDemo application","match":{"location":"stepDef.LoginStep.userSuccessfullyLoggedInToTheSauceDemoApplication()"},"keyword":"Given "},{"result":{"duration":25908,"status":"skipped"},"line":23,"name":"User add the \"Test.allTheThings() T-Shirt (Red)\" to my cart","match":{"arguments":[{"val":"\"Test.allTheThings() T-Shirt (Red)\"","offset":13}],"location":"stepDef.ProductStep.userAddTheToMyCart(java.lang.String)"},"keyword":"When "},{"result":{"duration":38572,"status":"skipped"},"line":24,"name":"the cart badge should show \"1\"","match":{"arguments":[{"val":"\"1\"","offset":27}],"location":"stepDef.ProductStep.theCartBadgeShouldShow(java.lang.String)"},"keyword":"Then "}]},{"start_timestamp":"2024-11-25T15:38:17.725Z","before":[{"result":{"error_message":"org.openqa.selenium.SessionNotCreatedException: Could not start a new session. Response code 500. Message: session not created: Chrome failed to start: exited normally.\n  (session not created: DevToolsActivePort file doesn't exist)\n  (The process started from chrome location /usr/bin/google-chrome is no longer running, so ChromeDriver is assuming that Chrome has crashed.) \nHost info: host: 'fv-az1251-79', ip: '10.1.0.207'\nBuild info: version: '4.17.0', revision: 'e52b1be057*'\nSystem info: os.name: 'Linux', os.arch: 'amd64', os.version: '6.5.0-1025-azure', java.version: '17.0.13'\nDriver info: org.openqa.selenium.chrome.ChromeDriver\nCommand: [null, newSession {capabilities=[Capabilities {browserName: chrome, goog:chromeOptions: {args: [--no-sandbox, --disable-dev-shm-usage, --remote-allow-origins=*], binary: /usr/bin/google-chrome, extensions: []}}]}]\n\tat org.openqa.selenium.remote.ProtocolHandshake.createSession(ProtocolHandshake.java:139)\n\tat org.openqa.selenium.remote.ProtocolHandshake.createSession(ProtocolHandshake.java:95)\n\tat org.openqa.selenium.remote.ProtocolHandshake.createSession(ProtocolHandshake.java:67)\n\tat org.openqa.selenium.remote.HttpCommandExecutor.execute(HttpCommandExecutor.java:162)\n\tat org.openqa.selenium.remote.service.DriverCommandExecutor.invokeExecute(DriverCommandExecutor.java:216)\n\tat org.openqa.selenium.remote.service.DriverCommandExecutor.execute(DriverCommandExecutor.java:174)\n\tat org.openqa.selenium.remote.RemoteWebDriver.execute(RemoteWebDriver.java:519)\n\tat org.openqa.selenium.remote.RemoteWebDriver.startSession(RemoteWebDriver.java:233)\n\tat org.openqa.selenium.remote.RemoteWebDriver.<init>(RemoteWebDriver.java:162)\n\tat org.openqa.selenium.chromium.ChromiumDriver.<init>(ChromiumDriver.java:114)\n\tat org.openqa.selenium.chrome.ChromeDriver.<init>(ChromeDriver.java:89)\n\tat org.openqa.selenium.chrome.ChromeDriver.<init>(ChromeDriver.java:84)\n\tat org.openqa.selenium.chrome.ChromeDriver.<init>(ChromeDriver.java:73)\n\tat helper.Utility.startDriver(Utility.java:27)\n\tat stepDef.Hooks.beforeTest(Hooks.java:14)\n","duration":211013854,"status":"failed"},"match":{"location":"stepDef.Hooks.beforeTest()"}}],"line":34,"name":"Adding more than product to the cart","description":"","id":"product-interaction-in-saucedemo-inventory;adding-more-than-product-to-the-cart","after":[{"result":{"error_message":"java.lang.NullPointerException: Cannot invoke \"org.openqa.selenium.WebDriver.quit()\" because \"helper.Utility.driver\" is null\n\tat helper.Utility.quitDriver(Utility.java:34)\n\tat stepDef.Hooks.afterTest(Hooks.java:21)\n","duration":2000482769,"status":"failed"},"match":{"location":"stepDef.Hooks.afterTest()"}}],"type":"scenario","keyword":"Scenario","steps":[{"result":{"duration":53240,"status":"skipped"},"line":35,"name":"User successfully logged in to the SauceDemo application","match":{"location":"stepDef.LoginStep.userSuccessfullyLoggedInToTheSauceDemoApplication()"},"keyword":"Given "},{"result":{"duration":34164,"status":"skipped"},"line":36,"name":"User add the \"Sauce Labs Backpack\" to my cart","match":{"arguments":[{"val":"\"Sauce Labs Backpack\"","offset":13}],"location":"stepDef.ProductStep.userAddTheToMyCart(java.lang.String)"},"keyword":"When "},{"result":{"duration":38142,"status":"skipped"},"line":37,"name":"User add the \"Sauce Labs Bike Light\" to my cart","match":{"arguments":[{"val":"\"Sauce Labs Bike Light\"","offset":13}],"location":"stepDef.ProductStep.userAddTheToMyCart(java.lang.String)"},"keyword":"When "},{"result":{"duration":34965,"status":"skipped"},"line":38,"name":"the cart badge should show \"2\"","match":{"arguments":[{"val":"\"2\"","offset":27}],"location":"stepDef.ProductStep.theCartBadgeShouldShow(java.lang.String)"},"keyword":"Then "}]},{"start_timestamp":"2024-11-25T15:38:19.940Z","before":[{"result":{"error_message":"org.openqa.selenium.SessionNotCreatedException: Could not start a new session. Response code 500. Message: session not created: Chrome failed to start: exited normally.\n  (session not created: DevToolsActivePort file doesn't exist)\n  (The process started from chrome location /usr/bin/google-chrome is no longer running, so ChromeDriver is assuming that Chrome has crashed.) \nHost info: host: 'fv-az1251-79', ip: '10.1.0.207'\nBuild info: version: '4.17.0', revision: 'e52b1be057*'\nSystem info: os.name: 'Linux', os.arch: 'amd64', os.version: '6.5.0-1025-azure', java.version: '17.0.13'\nDriver info: org.openqa.selenium.chrome.ChromeDriver\nCommand: [null, newSession {capabilities=[Capabilities {browserName: chrome, goog:chromeOptions: {args: [--no-sandbox, --disable-dev-shm-usage, --remote-allow-origins=*], binary: /usr/bin/google-chrome, extensions: []}}]}]\n\tat org.openqa.selenium.remote.ProtocolHandshake.createSession(ProtocolHandshake.java:139)\n\tat org.openqa.selenium.remote.ProtocolHandshake.createSession(ProtocolHandshake.java:95)\n\tat org.openqa.selenium.remote.ProtocolHandshake.createSession(ProtocolHandshake.java:67)\n\tat org.openqa.selenium.remote.HttpCommandExecutor.execute(HttpCommandExecutor.java:162)\n\tat org.openqa.selenium.remote.service.DriverCommandExecutor.invokeExecute(DriverCommandExecutor.java:216)\n\tat org.openqa.selenium.remote.service.DriverCommandExecutor.execute(DriverCommandExecutor.java:174)\n\tat org.openqa.selenium.remote.RemoteWebDriver.execute(RemoteWebDriver.java:519)\n\tat org.openqa.selenium.remote.RemoteWebDriver.startSession(RemoteWebDriver.java:233)\n\tat org.openqa.selenium.remote.RemoteWebDriver.<init>(RemoteWebDriver.java:162)\n\tat org.openqa.selenium.chromium.ChromiumDriver.<init>(ChromiumDriver.java:114)\n\tat org.openqa.selenium.chrome.ChromeDriver.<init>(ChromeDriver.java:89)\n\tat org.openqa.selenium.chrome.ChromeDriver.<init>(ChromeDriver.java:84)\n\tat org.openqa.selenium.chrome.ChromeDriver.<init>(ChromeDriver.java:73)\n\tat helper.Utility.startDriver(Utility.java:27)\n\tat stepDef.Hooks.beforeTest(Hooks.java:14)\n","duration":211782135,"status":"failed"},"match":{"location":"stepDef.Hooks.beforeTest()"}}],"line":48,"name":"adding product when view product details","description":"","id":"product-interaction-in-saucedemo-inventory;adding-product-when-view-product-details;;2","after":[{"result":{"error_message":"java.lang.NullPointerException: Cannot invoke \"org.openqa.selenium.WebDriver.quit()\" because \"helper.Utility.driver\" is null\n\tat helper.Utility.quitDriver(Utility.java:34)\n\tat stepDef.Hooks.afterTest(Hooks.java:21)\n","duration":2000512425,"status":"failed"},"match":{"location":"stepDef.Hooks.afterTest()"}}],"type":"scenario","keyword":"Scenario Outline","steps":[{"result":{"duration":40456,"status":"skipped"},"line":41,"name":"User successfully logged in to the SauceDemo application","match":{"location":"stepDef.LoginStep.userSuccessfullyLoggedInToTheSauceDemoApplication()"},"keyword":"Given "},{"result":{"duration":167640,"status":"skipped"},"line":42,"name":"User click on the \"Sauce Labs Backpack\" product","match":{"arguments":[{"val":"\"Sauce Labs Backpack\"","offset":18}],"location":"stepDef.ProductStep.userClickOnTheProduct(java.lang.String)"},"keyword":"And "},{"result":{"duration":36789,"status":"skipped"},"line":43,"name":"User should see the product details page","match":{"location":"stepDef.ProductStep.userShouldSeeTheProductDetailsPage()"},"keyword":"And "},{"result":{"duration":32431,"status":"skipped"},"line":44,"name":"User click button add to cart","match":{"location":"stepDef.ProductStep.userClickButtonAddToCart()"},"keyword":"When "},{"result":{"duration":31819,"status":"skipped"},"line":45,"name":"the cart badge should show \"1\"","match":{"arguments":[{"val":"\"1\"","offset":27}],"location":"stepDef.ProductStep.theCartBadgeShouldShow(java.lang.String)"},"keyword":"Then "}]},{"start_timestamp":"2024-11-25T15:38:22.156Z","before":[{"result":{"error_message":"org.openqa.selenium.SessionNotCreatedException: Could not start a new session. Response code 500. Message: session not created: Chrome failed to start: exited normally.\n  (session not created: DevToolsActivePort file doesn't exist)\n  (The process started from chrome location /usr/bin/google-chrome is no longer running, so ChromeDriver is assuming that Chrome has crashed.) \nHost info: host: 'fv-az1251-79', ip: '10.1.0.207'\nBuild info: version: '4.17.0', revision: 'e52b1be057*'\nSystem info: os.name: 'Linux', os.arch: 'amd64', os.version: '6.5.0-1025-azure', java.version: '17.0.13'\nDriver info: org.openqa.selenium.chrome.ChromeDriver\nCommand: [null, newSession {capabilities=[Capabilities {browserName: chrome, goog:chromeOptions: {args: [--no-sandbox, --disable-dev-shm-usage, --remote-allow-origins=*], binary: /usr/bin/google-chrome, extensions: []}}]}]\n\tat org.openqa.selenium.remote.ProtocolHandshake.createSession(ProtocolHandshake.java:139)\n\tat org.openqa.selenium.remote.ProtocolHandshake.createSession(ProtocolHandshake.java:95)\n\tat org.openqa.selenium.remote.ProtocolHandshake.createSession(ProtocolHandshake.java:67)\n\tat org.openqa.selenium.remote.HttpCommandExecutor.execute(HttpCommandExecutor.java:162)\n\tat org.openqa.selenium.remote.service.DriverCommandExecutor.invokeExecute(DriverCommandExecutor.java:216)\n\tat org.openqa.selenium.remote.service.DriverCommandExecutor.execute(DriverCommandExecutor.java:174)\n\tat org.openqa.selenium.remote.RemoteWebDriver.execute(RemoteWebDriver.java:519)\n\tat org.openqa.selenium.remote.RemoteWebDriver.startSession(RemoteWebDriver.java:233)\n\tat org.openqa.selenium.remote.RemoteWebDriver.<init>(RemoteWebDriver.java:162)\n\tat org.openqa.selenium.chromium.ChromiumDriver.<init>(ChromiumDriver.java:114)\n\tat org.openqa.selenium.chrome.ChromeDriver.<init>(ChromeDriver.java:89)\n\tat org.openqa.selenium.chrome.ChromeDriver.<init>(ChromeDriver.java:84)\n\tat org.openqa.selenium.chrome.ChromeDriver.<init>(ChromeDriver.java:73)\n\tat helper.Utility.startDriver(Utility.java:27)\n\tat stepDef.Hooks.beforeTest(Hooks.java:14)\n","duration":210489926,"status":"failed"},"match":{"location":"stepDef.Hooks.beforeTest()"}}],"line":49,"name":"adding product when view product details","description":"","id":"product-interaction-in-saucedemo-inventory;adding-product-when-view-product-details;;3","after":[{"result":{"error_message":"java.lang.NullPointerException: Cannot invoke \"org.openqa.selenium.WebDriver.quit()\" because \"helper.Utility.driver\" is null\n\tat helper.Utility.quitDriver(Utility.java:34)\n\tat stepDef.Hooks.afterTest(Hooks.java:21)\n","duration":2000509354,"status":"failed"},"match":{"location":"stepDef.Hooks.afterTest()"}}],"type":"scenario","keyword":"Scenario Outline","steps":[{"result":{"duration":56345,"status":"skipped"},"line":41,"name":"User successfully logged in to the SauceDemo application","match":{"location":"stepDef.LoginStep.userSuccessfullyLoggedInToTheSauceDemoApplication()"},"keyword":"Given "},{"result":{"duration":22933,"status":"skipped"},"line":42,"name":"User click on the \"Sauce Labs Bike Light\" product","match":{"arguments":[{"val":"\"Sauce Labs Bike Light\"","offset":18}],"location":"stepDef.ProductStep.userClickOnTheProduct(java.lang.String)"},"keyword":"And "},{"result":{"duration":45175,"status":"skipped"},"line":43,"name":"User should see the product details page","match":{"location":"stepDef.ProductStep.userShouldSeeTheProductDetailsPage()"},"keyword":"And "},{"result":{"duration":30026,"status":"skipped"},"line":44,"name":"User click button add to cart","match":{"location":"stepDef.ProductStep.userClickButtonAddToCart()"},"keyword":"When "},{"result":{"duration":41898,"status":"skipped"},"line":45,"name":"the cart badge should show \"1\"","match":{"arguments":[{"val":"\"1\"","offset":27}],"location":"stepDef.ProductStep.theCartBadgeShouldShow(java.lang.String)"},"keyword":"Then "}]},{"start_timestamp":"2024-11-25T15:38:24.370Z","before":[{"result":{"error_message":"org.openqa.selenium.SessionNotCreatedException: Could not start a new session. Response code 500. Message: session not created: Chrome failed to start: exited normally.\n  (session not created: DevToolsActivePort file doesn't exist)\n  (The process started from chrome location /usr/bin/google-chrome is no longer running, so ChromeDriver is assuming that Chrome has crashed.) \nHost info: host: 'fv-az1251-79', ip: '10.1.0.207'\nBuild info: version: '4.17.0', revision: 'e52b1be057*'\nSystem info: os.name: 'Linux', os.arch: 'amd64', os.version: '6.5.0-1025-azure', java.version: '17.0.13'\nDriver info: org.openqa.selenium.chrome.ChromeDriver\nCommand: [null, newSession {capabilities=[Capabilities {browserName: chrome, goog:chromeOptions: {args: [--no-sandbox, --disable-dev-shm-usage, --remote-allow-origins=*], binary: /usr/bin/google-chrome, extensions: []}}]}]\n\tat org.openqa.selenium.remote.ProtocolHandshake.createSession(ProtocolHandshake.java:139)\n\tat org.openqa.selenium.remote.ProtocolHandshake.createSession(ProtocolHandshake.java:95)\n\tat org.openqa.selenium.remote.ProtocolHandshake.createSession(ProtocolHandshake.java:67)\n\tat org.openqa.selenium.remote.HttpCommandExecutor.execute(HttpCommandExecutor.java:162)\n\tat org.openqa.selenium.remote.service.DriverCommandExecutor.invokeExecute(DriverCommandExecutor.java:216)\n\tat org.openqa.selenium.remote.service.DriverCommandExecutor.execute(DriverCommandExecutor.java:174)\n\tat org.openqa.selenium.remote.RemoteWebDriver.execute(RemoteWebDriver.java:519)\n\tat org.openqa.selenium.remote.RemoteWebDriver.startSession(RemoteWebDriver.java:233)\n\tat org.openqa.selenium.remote.RemoteWebDriver.<init>(RemoteWebDriver.java:162)\n\tat org.openqa.selenium.chromium.ChromiumDriver.<init>(ChromiumDriver.java:114)\n\tat org.openqa.selenium.chrome.ChromeDriver.<init>(ChromeDriver.java:89)\n\tat org.openqa.selenium.chrome.ChromeDriver.<init>(ChromeDriver.java:84)\n\tat org.openqa.selenium.chrome.ChromeDriver.<init>(ChromeDriver.java:73)\n\tat helper.Utility.startDriver(Utility.java:27)\n\tat stepDef.Hooks.beforeTest(Hooks.java:14)\n","duration":213350322,"status":"failed"},"match":{"location":"stepDef.Hooks.beforeTest()"}}],"line":51,"name":"Remove product","description":"","id":"product-interaction-in-saucedemo-inventory;remove-product","after":[{"result":{"error_message":"java.lang.NullPointerException: Cannot invoke \"org.openqa.selenium.WebDriver.quit()\" because \"helper.Utility.driver\" is null\n\tat helper.Utility.quitDriver(Utility.java:34)\n\tat stepDef.Hooks.afterTest(Hooks.java:21)\n","duration":2000479269,"status":"failed"},"match":{"location":"stepDef.Hooks.afterTest()"}}],"type":"scenario","keyword":"Scenario","steps":[{"result":{"duration":48881,"status":"skipped"},"line":52,"name":"User successfully logged in to the SauceDemo application","match":{"location":"stepDef.LoginStep.userSuccessfullyLoggedInToTheSauceDemoApplication()"},"keyword":"Given "},{"result":{"duration":29896,"status":"skipped"},"line":53,"name":"User add the \"Sauce Labs Backpack\" to my cart","match":{"arguments":[{"val":"\"Sauce Labs Backpack\"","offset":13}],"location":"stepDef.ProductStep.userAddTheToMyCart(java.lang.String)"},"keyword":"And "},{"result":{"duration":31108,"status":"skipped"},"line":54,"name":"User add the \"Sauce Labs Bike Light\" to my cart","match":{"arguments":[{"val":"\"Sauce Labs Bike Light\"","offset":13}],"location":"stepDef.ProductStep.userAddTheToMyCart(java.lang.String)"},"keyword":"And "},{"result":{"duration":41117,"status":"skipped"},"line":55,"name":"the cart badge should show \"2\"","match":{"arguments":[{"val":"\"2\"","offset":27}],"location":"stepDef.ProductStep.theCartBadgeShouldShow(java.lang.String)"},"keyword":"And "},{"result":{"duration":29245,"status":"skipped"},"line":56,"name":"User remove product added \"Sauce Labs Bike Light\"","match":{"arguments":[{"val":"\"Sauce Labs Bike Light\"","offset":26}],"location":"stepDef.ProductStep.userRemoveProductAdded(java.lang.String)"},"keyword":"When "},{"result":{"duration":29906,"status":"skipped"},"line":57,"name":"the cart badge should show \"1\"","match":{"arguments":[{"val":"\"1\"","offset":27}],"location":"stepDef.ProductStep.theCartBadgeShouldShow(java.lang.String)"},"keyword":"And "}]},{"start_timestamp":"2024-11-25T15:38:26.588Z","before":[{"result":{"error_message":"org.openqa.selenium.SessionNotCreatedException: Could not start a new session. Response code 500. Message: session not created: Chrome failed to start: exited normally.\n  (session not created: DevToolsActivePort file doesn't exist)\n  (The process started from chrome location /usr/bin/google-chrome is no longer running, so ChromeDriver is assuming that Chrome has crashed.) \nHost info: host: 'fv-az1251-79', ip: '10.1.0.207'\nBuild info: version: '4.17.0', revision: 'e52b1be057*'\nSystem info: os.name: 'Linux', os.arch: 'amd64', os.version: '6.5.0-1025-azure', java.version: '17.0.13'\nDriver info: org.openqa.selenium.chrome.ChromeDriver\nCommand: [null, newSession {capabilities=[Capabilities {browserName: chrome, goog:chromeOptions: {args: [--no-sandbox, --disable-dev-shm-usage, --remote-allow-origins=*], binary: /usr/bin/google-chrome, extensions: []}}]}]\n\tat org.openqa.selenium.remote.ProtocolHandshake.createSession(ProtocolHandshake.java:139)\n\tat org.openqa.selenium.remote.ProtocolHandshake.createSession(ProtocolHandshake.java:95)\n\tat org.openqa.selenium.remote.ProtocolHandshake.createSession(ProtocolHandshake.java:67)\n\tat org.openqa.selenium.remote.HttpCommandExecutor.execute(HttpCommandExecutor.java:162)\n\tat org.openqa.selenium.remote.service.DriverCommandExecutor.invokeExecute(DriverCommandExecutor.java:216)\n\tat org.openqa.selenium.remote.service.DriverCommandExecutor.execute(DriverCommandExecutor.java:174)\n\tat org.openqa.selenium.remote.RemoteWebDriver.execute(RemoteWebDriver.java:519)\n\tat org.openqa.selenium.remote.RemoteWebDriver.startSession(RemoteWebDriver.java:233)\n\tat org.openqa.selenium.remote.RemoteWebDriver.<init>(RemoteWebDriver.java:162)\n\tat org.openqa.selenium.chromium.ChromiumDriver.<init>(ChromiumDriver.java:114)\n\tat org.openqa.selenium.chrome.ChromeDriver.<init>(ChromeDriver.java:89)\n\tat org.openqa.selenium.chrome.ChromeDriver.<init>(ChromeDriver.java:84)\n\tat org.openqa.selenium.chrome.ChromeDriver.<init>(ChromeDriver.java:73)\n\tat helper.Utility.startDriver(Utility.java:27)\n\tat stepDef.Hooks.beforeTest(Hooks.java:14)\n","duration":216248457,"status":"failed"},"match":{"location":"stepDef.Hooks.beforeTest()"}}],"line":67,"name":"Sort products by Sorting Type","description":"","id":"product-interaction-in-saucedemo-inventory;sort-products-by-sorting-type;;2","after":[{"result":{"error_message":"java.lang.NullPointerException: Cannot invoke \"org.openqa.selenium.WebDriver.quit()\" because \"helper.Utility.driver\" is null\n\tat helper.Utility.quitDriver(Utility.java:34)\n\tat stepDef.Hooks.afterTest(Hooks.java:21)\n","duration":2000437809,"status":"failed"},"match":{"location":"stepDef.Hooks.afterTest()"}}],"type":"scenario","keyword":"Scenario Outline","steps":[{"result":{"duration":38843,"status":"skipped"},"line":61,"name":"User successfully logged in to the SauceDemo application","match":{"location":"stepDef.LoginStep.userSuccessfullyLoggedInToTheSauceDemoApplication()"},"keyword":"Given "},{"result":{"duration":20028,"status":"skipped"},"line":62,"name":"User select the \"Name (A to Z)\" sorting option","match":{"arguments":[{"val":"\"Name (A to Z)\"","offset":16}],"location":"stepDef.ProductStep.userSelectTheSortingOption(java.lang.String)"},"keyword":"When "},{"result":{"duration":25077,"status":"skipped"},"line":63,"name":"the products should be displayed in \"alphabetical (A to Z)\" order","match":{"arguments":[{"val":"\"alphabetical (A to Z)\"","offset":36}],"location":"stepDef.ProductStep.theProductsShouldBeDisplayedInOrder(java.lang.String)"},"keyword":"Then "}]},{"start_timestamp":"2024-11-25T15:38:28.807Z","before":[{"result":{"error_message":"org.openqa.selenium.SessionNotCreatedException: Could not start a new session. Response code 500. Message: session not created: Chrome failed to start: exited normally.\n  (session not created: DevToolsActivePort file doesn't exist)\n  (The process started from chrome location /usr/bin/google-chrome is no longer running, so ChromeDriver is assuming that Chrome has crashed.) \nHost info: host: 'fv-az1251-79', ip: '10.1.0.207'\nBuild info: version: '4.17.0', revision: 'e52b1be057*'\nSystem info: os.name: 'Linux', os.arch: 'amd64', os.version: '6.5.0-1025-azure', java.version: '17.0.13'\nDriver info: org.openqa.selenium.chrome.ChromeDriver\nCommand: [null, newSession {capabilities=[Capabilities {browserName: chrome, goog:chromeOptions: {args: [--no-sandbox, --disable-dev-shm-usage, --remote-allow-origins=*], binary: /usr/bin/google-chrome, extensions: []}}]}]\n\tat org.openqa.selenium.remote.ProtocolHandshake.createSession(ProtocolHandshake.java:139)\n\tat org.openqa.selenium.remote.ProtocolHandshake.createSession(ProtocolHandshake.java:95)\n\tat org.openqa.selenium.remote.ProtocolHandshake.createSession(ProtocolHandshake.java:67)\n\tat org.openqa.selenium.remote.HttpCommandExecutor.execute(HttpCommandExecutor.java:162)\n\tat org.openqa.selenium.remote.service.DriverCommandExecutor.invokeExecute(DriverCommandExecutor.java:216)\n\tat org.openqa.selenium.remote.service.DriverCommandExecutor.execute(DriverCommandExecutor.java:174)\n\tat org.openqa.selenium.remote.RemoteWebDriver.execute(RemoteWebDriver.java:519)\n\tat org.openqa.selenium.remote.RemoteWebDriver.startSession(RemoteWebDriver.java:233)\n\tat org.openqa.selenium.remote.RemoteWebDriver.<init>(RemoteWebDriver.java:162)\n\tat org.openqa.selenium.chromium.ChromiumDriver.<init>(ChromiumDriver.java:114)\n\tat org.openqa.selenium.chrome.ChromeDriver.<init>(ChromeDriver.java:89)\n\tat org.openqa.selenium.chrome.ChromeDriver.<init>(ChromeDriver.java:84)\n\tat org.openqa.selenium.chrome.ChromeDriver.<init>(ChromeDriver.java:73)\n\tat helper.Utility.startDriver(Utility.java:27)\n\tat stepDef.Hooks.beforeTest(Hooks.java:14)\n","duration":210343251,"status":"failed"},"match":{"location":"stepDef.Hooks.beforeTest()"}}],"line":68,"name":"Sort products by Sorting Type","description":"","id":"product-interaction-in-saucedemo-inventory;sort-products-by-sorting-type;;3","after":[{"result":{"error_message":"java.lang.NullPointerException: Cannot invoke \"org.openqa.selenium.WebDriver.quit()\" because \"helper.Utility.driver\" is null\n\tat helper.Utility.quitDriver(Utility.java:34)\n\tat stepDef.Hooks.afterTest(Hooks.java:21)\n","duration":2000467860,"status":"failed"},"match":{"location":"stepDef.Hooks.afterTest()"}}],"type":"scenario","keyword":"Scenario Outline","steps":[{"result":{"duration":48942,"status":"skipped"},"line":61,"name":"User successfully logged in to the SauceDemo application","match":{"location":"stepDef.LoginStep.userSuccessfullyLoggedInToTheSauceDemoApplication()"},"keyword":"Given "},{"result":{"duration":61405,"status":"skipped"},"line":62,"name":"User select the \"Name (Z to A)\" sorting option","match":{"arguments":[{"val":"\"Name (Z to A)\"","offset":16}],"location":"stepDef.ProductStep.userSelectTheSortingOption(java.lang.String)"},"keyword":"When "},{"result":{"duration":30216,"status":"skipped"},"line":63,"name":"the products should be displayed in \"reverse alphabetical (Z to A)\" order","match":{"arguments":[{"val":"\"reverse alphabetical (Z to A)\"","offset":36}],"location":"stepDef.ProductStep.theProductsShouldBeDisplayedInOrder(java.lang.String)"},"keyword":"Then "}]},{"start_timestamp":"2024-11-25T15:38:31.021Z","before":[{"result":{"error_message":"org.openqa.selenium.SessionNotCreatedException: Could not start a new session. Response code 500. Message: session not created: Chrome failed to start: exited normally.\n  (session not created: DevToolsActivePort file doesn't exist)\n  (The process started from chrome location /usr/bin/google-chrome is no longer running, so ChromeDriver is assuming that Chrome has crashed.) \nHost info: host: 'fv-az1251-79', ip: '10.1.0.207'\nBuild info: version: '4.17.0', revision: 'e52b1be057*'\nSystem info: os.name: 'Linux', os.arch: 'amd64', os.version: '6.5.0-1025-azure', java.version: '17.0.13'\nDriver info: org.openqa.selenium.chrome.ChromeDriver\nCommand: [null, newSession {capabilities=[Capabilities {browserName: chrome, goog:chromeOptions: {args: [--no-sandbox, --disable-dev-shm-usage, --remote-allow-origins=*], binary: /usr/bin/google-chrome, extensions: []}}]}]\n\tat org.openqa.selenium.remote.ProtocolHandshake.createSession(ProtocolHandshake.java:139)\n\tat org.openqa.selenium.remote.ProtocolHandshake.createSession(ProtocolHandshake.java:95)\n\tat org.openqa.selenium.remote.ProtocolHandshake.createSession(ProtocolHandshake.java:67)\n\tat org.openqa.selenium.remote.HttpCommandExecutor.execute(HttpCommandExecutor.java:162)\n\tat org.openqa.selenium.remote.service.DriverCommandExecutor.invokeExecute(DriverCommandExecutor.java:216)\n\tat org.openqa.selenium.remote.service.DriverCommandExecutor.execute(DriverCommandExecutor.java:174)\n\tat org.openqa.selenium.remote.RemoteWebDriver.execute(RemoteWebDriver.java:519)\n\tat org.openqa.selenium.remote.RemoteWebDriver.startSession(RemoteWebDriver.java:233)\n\tat org.openqa.selenium.remote.RemoteWebDriver.<init>(RemoteWebDriver.java:162)\n\tat org.openqa.selenium.chromium.ChromiumDriver.<init>(ChromiumDriver.java:114)\n\tat org.openqa.selenium.chrome.ChromeDriver.<init>(ChromeDriver.java:89)\n\tat org.openqa.selenium.chrome.ChromeDriver.<init>(ChromeDriver.java:84)\n\tat org.openqa.selenium.chrome.ChromeDriver.<init>(ChromeDriver.java:73)\n\tat helper.Utility.startDriver(Utility.java:27)\n\tat stepDef.Hooks.beforeTest(Hooks.java:14)\n","duration":208992877,"status":"failed"},"match":{"location":"stepDef.Hooks.beforeTest()"}}],"line":69,"name":"Sort products by Sorting Type","description":"","id":"product-interaction-in-saucedemo-inventory;sort-products-by-sorting-type;;4","after":[{"result":{"error_message":"java.lang.NullPointerException: Cannot invoke \"org.openqa.selenium.WebDriver.quit()\" because \"helper.Utility.driver\" is null\n\tat helper.Utility.quitDriver(Utility.java:34)\n\tat stepDef.Hooks.afterTest(Hooks.java:21)\n","duration":2000495413,"status":"failed"},"match":{"location":"stepDef.Hooks.afterTest()"}}],"type":"scenario","keyword":"Scenario Outline","steps":[{"result":{"duration":40325,"status":"skipped"},"line":61,"name":"User successfully logged in to the SauceDemo application","match":{"location":"stepDef.LoginStep.userSuccessfullyLoggedInToTheSauceDemoApplication()"},"keyword":"Given "},{"result":{"duration":22071,"status":"skipped"},"line":62,"name":"User select the \"Price (low to high)\" sorting option","match":{"arguments":[{"val":"\"Price (low to high)\"","offset":16}],"location":"stepDef.ProductStep.userSelectTheSortingOption(java.lang.String)"},"keyword":"When "},{"result":{"duration":19947,"status":"skipped"},"line":63,"name":"the products should be displayed in \"ascending (low to high)\" order","match":{"arguments":[{"val":"\"ascending (low to high)\"","offset":36}],"location":"stepDef.ProductStep.theProductsShouldBeDisplayedInOrder(java.lang.String)"},"keyword":"Then "}]},{"start_timestamp":"2024-11-25T15:38:33.233Z","before":[{"result":{"error_message":"org.openqa.selenium.SessionNotCreatedException: Could not start a new session. Response code 500. Message: session not created: Chrome failed to start: exited normally.\n  (session not created: DevToolsActivePort file doesn't exist)\n  (The process started from chrome location /usr/bin/google-chrome is no longer running, so ChromeDriver is assuming that Chrome has crashed.) \nHost info: host: 'fv-az1251-79', ip: '10.1.0.207'\nBuild info: version: '4.17.0', revision: 'e52b1be057*'\nSystem info: os.name: 'Linux', os.arch: 'amd64', os.version: '6.5.0-1025-azure', java.version: '17.0.13'\nDriver info: org.openqa.selenium.chrome.ChromeDriver\nCommand: [null, newSession {capabilities=[Capabilities {browserName: chrome, goog:chromeOptions: {args: [--no-sandbox, --disable-dev-shm-usage, --remote-allow-origins=*], binary: /usr/bin/google-chrome, extensions: []}}]}]\n\tat org.openqa.selenium.remote.ProtocolHandshake.createSession(ProtocolHandshake.java:139)\n\tat org.openqa.selenium.remote.ProtocolHandshake.createSession(ProtocolHandshake.java:95)\n\tat org.openqa.selenium.remote.ProtocolHandshake.createSession(ProtocolHandshake.java:67)\n\tat org.openqa.selenium.remote.HttpCommandExecutor.execute(HttpCommandExecutor.java:162)\n\tat org.openqa.selenium.remote.service.DriverCommandExecutor.invokeExecute(DriverCommandExecutor.java:216)\n\tat org.openqa.selenium.remote.service.DriverCommandExecutor.execute(DriverCommandExecutor.java:174)\n\tat org.openqa.selenium.remote.RemoteWebDriver.execute(RemoteWebDriver.java:519)\n\tat org.openqa.selenium.remote.RemoteWebDriver.startSession(RemoteWebDriver.java:233)\n\tat org.openqa.selenium.remote.RemoteWebDriver.<init>(RemoteWebDriver.java:162)\n\tat org.openqa.selenium.chromium.ChromiumDriver.<init>(ChromiumDriver.java:114)\n\tat org.openqa.selenium.chrome.ChromeDriver.<init>(ChromeDriver.java:89)\n\tat org.openqa.selenium.chrome.ChromeDriver.<init>(ChromeDriver.java:84)\n\tat org.openqa.selenium.chrome.ChromeDriver.<init>(ChromeDriver.java:73)\n\tat helper.Utility.startDriver(Utility.java:27)\n\tat stepDef.Hooks.beforeTest(Hooks.java:14)\n","duration":207816993,"status":"failed"},"match":{"location":"stepDef.Hooks.beforeTest()"}}],"line":70,"name":"Sort products by Sorting Type","description":"","id":"product-interaction-in-saucedemo-inventory;sort-products-by-sorting-type;;5","after":[{"result":{"error_message":"java.lang.NullPointerException: Cannot invoke \"org.openqa.selenium.WebDriver.quit()\" because \"helper.Utility.driver\" is null\n\tat helper.Utility.quitDriver(Utility.java:34)\n\tat stepDef.Hooks.afterTest(Hooks.java:21)\n","duration":2000530003,"status":"failed"},"match":{"location":"stepDef.Hooks.afterTest()"}}],"type":"scenario","keyword":"Scenario Outline","steps":[{"result":{"duration":46206,"status":"skipped"},"line":61,"name":"User successfully logged in to the SauceDemo application","match":{"location":"stepDef.LoginStep.userSuccessfullyLoggedInToTheSauceDemoApplication()"},"keyword":"Given "},{"result":{"duration":22382,"status":"skipped"},"line":62,"name":"User select the \"Price (high to low)\" sorting option","match":{"arguments":[{"val":"\"Price (high to low)\"","offset":16}],"location":"stepDef.ProductStep.userSelectTheSortingOption(java.lang.String)"},"keyword":"When "},{"result":{"duration":20288,"status":"skipped"},"line":63,"name":"the products should be displayed in \"descending (high to low)\" order","match":{"arguments":[{"val":"\"descending (high to low)\"","offset":36}],"location":"stepDef.ProductStep.theProductsShouldBeDisplayedInOrder(java.lang.String)"},"keyword":"Then "}]}],"name":"Product Interaction in SauceDemo Inventory","description":"  As a user of SauceDemo\n  I want to interact with products in the inventory\n  So that I can add them to my cart and view details","id":"product-interaction-in-saucedemo-inventory","keyword":"Feature","uri":"file:src/test/java/features/product.feature","tags":[]}]